TN:
SF:/Users/apple/ven-3.6/lib/python3.6/site-packages/superset/static/assets/javascripts/addSlice/AddSliceContainer.jsx
FN:16,AddSliceContainer
FN:19,(anonymous_10)
FN:25,exploreUrl
FN:31,gotoSlice
FN:35,changeDatasource
FN:43,changeVisType
FN:47,isBtnDisabled
FN:51,render
FNF:8
FNH:5
FNDA:6,AddSliceContainer
FNDA:216,(anonymous_10)
FNDA:1,exploreUrl
FNDA:0,gotoSlice
FNDA:0,changeDatasource
FNDA:0,changeVisType
FNDA:8,isBtnDisabled
FNDA:8,render
DA:1,1
DA:2,1
DA:3,1
DA:4,1
DA:5,1
DA:6,1
DA:8,1
DA:15,1
DA:16,1
DA:17,6
DA:18,6
DA:19,216
DA:20,6
DA:25,1
DA:26,1
DA:27,1
DA:28,1
DA:31,1
DA:32,0
DA:35,1
DA:36,0
DA:43,1
DA:44,0
DA:47,1
DA:48,8
DA:51,1
DA:53,8
DA:99,1
LF:28
LH:25
BRDA:17,16,0,6
BRDA:17,16,1,0
BRDA:48,17,0,8
BRDA:48,17,1,2
BRF:4
BRH:3
end_of_record
TN:
SF:/Users/apple/ven-3.6/lib/python3.6/site-packages/superset/static/assets/javascripts/explore/stores/visTypes.js
FN:926,(anonymous_4)
FN:1190,sectionsToRender
FNF:2
FNH:1
FNDA:0,(anonymous_4)
FNDA:1,sectionsToRender
DA:1,1
DA:2,1
DA:3,1
DA:5,1
DA:94,1
DA:925,0
DA:926,0
DA:1127,0
DA:1188,1
DA:1190,1
DA:1191,1
DA:1192,1
LF:12
LH:9
BRDA:926,5,0,0
BRDA:926,5,1,0
BRDA:1128,6,0,0
BRDA:1128,6,1,0
BRDA:1127,7,0,0
BRDA:1127,7,1,0
BRDA:1194,8,0,1
BRDA:1194,8,1,0
BRDA:1196,9,0,1
BRDA:1196,9,1,0
BRDA:1197,10,0,1
BRDA:1197,10,1,0
BRF:12
BRH:3
end_of_record
TN:
SF:/Users/apple/ven-3.6/lib/python3.6/site-packages/superset/static/assets/javascripts/explore/stores/controls.jsx
FN:58,mapStateToProps
FN:61,(anonymous_9)
FN:147,mutator
FN:151,(anonymous_30)
FN:428,(anonymous_47)
FN:1485,(anonymous_96)
FNF:6
FNH:3
FNDA:1,mapStateToProps
FNDA:0,(anonymous_9)
FNDA:0,mutator
FNDA:0,(anonymous_30)
FNDA:34,(anonymous_47)
FNDA:7,(anonymous_96)
DA:1,1
DA:2,1
DA:3,1
DA:4,1
DA:5,1
DA:6,1
DA:7,1
DA:8,1
DA:10,1
DA:13,1
DA:22,1
DA:24,1
DA:26,1
DA:34,1
DA:41,1
DA:48,1
DA:55,0
DA:56,0
DA:58,1
DA:59,1
DA:60,1
DA:61,0
DA:62,0
DA:63,0
DA:66,1
DA:70,1
DA:76,1
DA:94,0
DA:95,0
DA:96,0
DA:97,1
DA:108,0
DA:109,0
DA:110,1
DA:133,1
DA:147,1
DA:148,0
DA:149,0
DA:151,0
DA:161,0
DA:162,0
DA:163,0
DA:165,0
DA:178,0
DA:179,0
DA:180,0
DA:385,0
DA:428,34
DA:458,1
DA:468,0
DA:478,0
DA:591,0
DA:597,1
DA:606,0
DA:612,1
DA:720,1
DA:767,0
DA:778,0
DA:789,0
DA:790,0
DA:792,0
DA:803,0
DA:804,0
DA:806,0
DA:816,0
DA:817,0
DA:819,0
DA:1003,0
DA:1258,0
DA:1306,0
DA:1431,1
DA:1441,0
DA:1485,7
DA:1566,0
DA:1567,0
DA:1599,1
LF:76
LH:34
BRDA:60,7,0,0
BRDA:60,7,1,1
BRDA:62,8,0,0
BRDA:62,8,1,0
BRDA:62,9,0,0
BRDA:62,9,1,0
BRDA:96,10,0,0
BRDA:96,10,1,0
BRDA:96,11,0,0
BRDA:96,11,1,0
BRDA:98,12,0,0
BRDA:98,12,1,1
BRDA:111,13,0,0
BRDA:111,13,1,1
BRDA:134,14,0,0
BRDA:134,14,1,1
BRDA:148,15,0,0
BRDA:148,15,1,0
BRDA:148,16,0,0
BRDA:148,16,1,0
BRDA:163,17,0,0
BRDA:163,17,1,0
BRDA:163,18,0,0
BRDA:163,18,1,0
BRDA:166,19,0,0
BRDA:166,19,1,0
BRDA:181,20,0,0
BRDA:181,20,1,0
BRDA:386,21,0,0
BRDA:386,21,1,0
BRDA:459,22,0,0
BRDA:459,22,1,1
BRDA:469,23,0,0
BRDA:469,23,1,0
BRDA:479,24,0,0
BRDA:479,24,1,0
BRDA:591,25,0,0
BRDA:591,25,1,0
BRDA:591,26,0,0
BRDA:591,26,1,0
BRDA:598,27,0,0
BRDA:598,27,1,1
BRDA:606,28,0,0
BRDA:606,28,1,0
BRDA:606,29,0,0
BRDA:606,29,1,0
BRDA:613,30,0,0
BRDA:613,30,1,1
BRDA:721,31,0,0
BRDA:721,31,1,1
BRDA:768,32,0,0
BRDA:768,32,1,0
BRDA:779,33,0,0
BRDA:779,33,1,0
BRDA:793,34,0,0
BRDA:793,34,1,0
BRDA:807,35,0,0
BRDA:807,35,1,0
BRDA:820,36,0,0
BRDA:820,36,1,0
BRDA:1004,37,0,0
BRDA:1004,37,1,0
BRDA:1004,38,0,0
BRDA:1004,38,1,0
BRDA:1259,39,0,0
BRDA:1259,39,1,0
BRDA:1442,40,0,0
BRDA:1442,40,1,0
BRF:68
BRH:8
end_of_record
TN:
SF:/Users/apple/ven-3.6/lib/python3.6/site-packages/superset/static/assets/javascripts/modules/utils.js
FN:7,d3FormatPreset
FN:17,d3TimeFormatPreset
FN:23,(anonymous_4)
FN:36,wrapSvgText
FN:39,(anonymous_6)
FN:89,showModal
FN:100,showApiMessage
FN:111,toggleCheckbox
FN:113,(anonymous_10)
FN:124,fixDataTableBodyHeight
FN:133,d3format
FN:151,done
FN:152,error
FN:153,always
FN:154,addFiler
FN:155,setFilter
FN:157,clearFilter
FN:158,removeFilter
FN:162,formatSelectOptionsForRange
FN:173,formatSelectOptions
FN:174,(anonymous_31)
FN:179,slugify
FN:189,getAjaxErrorMsg
FN:195,customizeToolTip
FN:197,(anonymous_35)
FN:205,(anonymous_36)
FN:220,initJQueryAjax
FN:226,beforeSend
FN:235,tryNumify
FNF:29
FNH:7
FNDA:2,d3FormatPreset
FNDA:0,d3TimeFormatPreset
FNDA:0,(anonymous_4)
FNDA:0,wrapSvgText
FNDA:0,(anonymous_6)
FNDA:0,showModal
FNDA:0,showApiMessage
FNDA:0,toggleCheckbox
FNDA:0,(anonymous_10)
FNDA:0,fixDataTableBodyHeight
FNDA:3,d3format
FNDA:0,done
FNDA:0,error
FNDA:0,always
FNDA:0,addFiler
FNDA:0,setFilter
FNDA:0,clearFilter
FNDA:0,removeFilter
FNDA:5,formatSelectOptionsForRange
FNDA:24,formatSelectOptions
FNDA:151,(anonymous_31)
FNDA:11,slugify
FNDA:0,getAjaxErrorMsg
FNDA:0,customizeToolTip
FNDA:0,(anonymous_35)
FNDA:0,(anonymous_36)
FNDA:0,initJQueryAjax
FNDA:0,beforeSend
FNDA:4,tryNumify
DA:2,1
DA:3,1
DA:5,1
DA:7,1
DA:9,2
DA:12,1
DA:13,1
DA:15,0
DA:17,1
DA:18,0
DA:19,0
DA:22,0
DA:23,0
DA:24,0
DA:25,0
DA:36,1
DA:37,0
DA:39,0
DA:40,0
DA:41,0
DA:42,0
DA:43,0
DA:44,0
DA:45,0
DA:46,0
DA:47,0
DA:48,0
DA:53,0
DA:54,0
DA:55,0
DA:56,0
DA:57,0
DA:58,0
DA:59,0
DA:61,0
DA:62,0
DA:64,0
DA:67,0
DA:70,0
DA:71,0
DA:89,1
DA:91,0
DA:92,0
DA:93,0
DA:94,0
DA:95,0
DA:96,0
DA:100,1
DA:101,0
DA:105,0
DA:106,0
DA:111,1
DA:112,0
DA:113,0
DA:114,0
DA:115,0
DA:116,0
DA:124,1
DA:125,0
DA:126,0
DA:127,0
DA:128,0
DA:129,0
DA:130,0
DA:133,1
DA:134,3
DA:136,3
DA:137,3
DA:138,3
DA:140,3
DA:141,3
DA:143,0
DA:149,1
DA:151,1
DA:152,1
DA:153,1
DA:154,1
DA:155,1
DA:156,0
DA:157,1
DA:158,1
DA:162,1
DA:166,5
DA:167,5
DA:168,117
DA:170,5
DA:173,1
DA:174,24
DA:175,151
DA:179,1
DA:181,11
DA:189,1
DA:190,0
DA:191,0
DA:195,1
DA:196,0
DA:197,0
DA:198,0
DA:199,0
DA:201,0
DA:205,0
DA:206,0
DA:207,0
DA:208,0
DA:214,0
DA:216,0
DA:220,1
DA:223,0
DA:224,0
DA:225,0
DA:226,1
DA:227,0
DA:228,0
DA:235,1
DA:237,4
DA:238,4
DA:239,1
DA:241,3
LF:118
LH:47
BRDA:9,3,0,1
BRDA:9,3,1,1
BRDA:12,4,0,1
BRDA:12,4,1,0
BRDA:18,5,0,0
BRDA:18,5,1,0
BRDA:19,6,0,0
BRDA:19,6,1,0
BRDA:58,7,0,0
BRDA:58,7,1,0
BRDA:70,8,0,0
BRDA:70,8,1,0
BRDA:70,9,0,0
BRDA:70,9,1,0
BRDA:91,10,0,0
BRDA:91,10,1,0
BRDA:92,11,0,0
BRDA:92,11,1,0
BRDA:93,12,0,0
BRDA:93,12,1,0
BRDA:94,13,0,0
BRDA:94,13,1,0
BRDA:95,14,0,0
BRDA:95,14,1,0
BRDA:105,15,0,0
BRDA:105,15,1,0
BRDA:115,16,0,0
BRDA:115,16,1,0
BRDA:115,17,0,0
BRDA:115,17,1,0
BRDA:126,18,0,0
BRDA:126,18,1,0
BRDA:127,19,0,0
BRDA:127,19,1,0
BRDA:128,20,0,0
BRDA:128,20,1,0
BRDA:129,21,0,0
BRDA:129,21,1,0
BRDA:136,22,0,3
BRDA:136,22,1,1
BRDA:137,23,0,3
BRDA:137,23,1,0
BRDA:191,24,0,0
BRDA:191,24,1,0
BRDA:191,25,0,0
BRDA:191,25,1,0
BRDA:224,26,0,0
BRDA:224,26,1,0
BRDA:227,27,0,0
BRDA:227,27,1,0
BRDA:227,28,0,0
BRDA:227,28,1,0
BRDA:238,29,0,1
BRDA:238,29,1,3
BRF:54
BRH:8
end_of_record
TN:
SF:/Users/apple/ven-3.6/lib/python3.6/site-packages/superset/static/assets/javascripts/modules/dates.js
FN:5,UTC
FN:18,(anonymous_3)
FN:25,(anonymous_4)
FN:32,(anonymous_5)
FN:39,(anonymous_6)
FN:46,(anonymous_7)
FN:53,(anonymous_8)
FN:60,(anonymous_9)
FN:65,formatDate
FN:69,fDuration
FN:75,now
FN:80,epochTimeXHoursAgo
FN:87,epochTimeXDaysAgo
FN:94,epochTimeXYearsAgo
FNF:14
FNH:14
FNDA:1,UTC
FNDA:1,(anonymous_3)
FNDA:1,(anonymous_4)
FNDA:1,(anonymous_5)
FNDA:1,(anonymous_6)
FNDA:1,(anonymous_7)
FNDA:1,(anonymous_8)
FNDA:1,(anonymous_9)
FNDA:1,formatDate
FNDA:5,fDuration
FNDA:15,now
FNDA:1,epochTimeXHoursAgo
FNDA:2,epochTimeXDaysAgo
FNDA:1,epochTimeXYearsAgo
DA:1,1
DA:3,1
DA:5,1
DA:6,1
DA:15,1
DA:19,1
DA:26,1
DA:33,1
DA:40,1
DA:47,1
DA:54,1
DA:61,1
DA:65,1
DA:66,1
DA:67,1
DA:69,5
DA:70,5
DA:71,5
DA:72,5
DA:75,1
DA:77,15
DA:80,1
DA:81,1
DA:87,1
DA:88,2
DA:94,1
DA:95,1
LF:27
LH:27
BRDA:54,3,0,1
BRDA:54,3,1,0
BRDA:69,4,0,0
BRDA:69,4,1,5
BRDA:69,5,0,5
BRDA:69,5,1,0
BRF:6
BRH:3
end_of_record
TN:
SF:/Users/apple/ven-3.6/lib/python3.6/site-packages/superset/static/assets/javascripts/explore/validators.js
FN:9,numeric
FN:16,integer
FN:23,nonEmpty
FNF:3
FNH:0
FNDA:0,numeric
FNDA:0,integer
FNDA:0,nonEmpty
DA:7,1
DA:9,1
DA:10,0
DA:11,0
DA:13,0
DA:16,1
DA:17,0
DA:18,0
DA:20,0
DA:23,1
DA:25,0
DA:30,0
DA:32,0
LF:13
LH:4
BRDA:10,1,0,0
BRDA:10,1,1,0
BRDA:10,2,0,0
BRDA:10,2,1,0
BRDA:17,3,0,0
BRDA:17,3,1,0
BRDA:17,4,0,0
BRDA:17,4,1,0
BRDA:17,4,2,0
BRDA:25,5,0,0
BRDA:25,5,1,0
BRDA:25,6,0,0
BRDA:25,6,1,0
BRDA:25,6,2,0
BRDA:25,6,3,0
BRDA:25,6,4,0
BRF:16
BRH:0
end_of_record
TN:
SF:/Users/apple/ven-3.6/lib/python3.6/site-packages/superset/static/assets/javascripts/locales.jsx
FN:1,(anonymous_1)
FN:1,(anonymous_2)
FN:6,formatForReact
FN:9,(anonymous_6)
FN:37,argsInvolveReact
FN:42,(anonymous_8)
FN:49,parseComponentTemplate
FN:51,process
FN:95,renderComponentTemplate
FN:97,renderGroup
FN:99,(anonymous_13)
FN:118,format
FN:125,gettext
FN:137,ngettext
FN:141,gettextComponentTemplate
FNF:15
FNH:4
FNDA:89,(anonymous_1)
FNDA:0,(anonymous_2)
FNDA:0,formatForReact
FNDA:0,(anonymous_6)
FNDA:89,argsInvolveReact
FNDA:0,(anonymous_8)
FNDA:0,parseComponentTemplate
FNDA:0,process
FNDA:0,renderComponentTemplate
FNDA:0,renderGroup
FNDA:0,(anonymous_13)
FNDA:89,format
FNDA:1743,gettext
FNDA:0,ngettext
FNDA:0,gettextComponentTemplate
DA:1,89
DA:2,1
DA:3,1
DA:4,1
DA:6,1
DA:7,0
DA:8,0
DA:9,0
DA:10,0
DA:11,0
DA:12,0
DA:13,0
DA:15,0
DA:16,0
DA:17,0
DA:18,0
DA:19,0
DA:21,0
DA:23,0
DA:24,0
DA:26,0
DA:27,0
DA:28,0
DA:34,0
DA:37,1
DA:38,89
DA:39,0
DA:41,89
DA:42,0
DA:43,0
DA:46,89
DA:49,1
DA:50,0
DA:51,1
DA:52,0
DA:53,0
DA:54,0
DA:55,0
DA:56,0
DA:57,0
DA:58,0
DA:59,0
DA:60,0
DA:61,0
DA:63,0
DA:64,0
DA:65,0
DA:68,0
DA:72,0
DA:73,0
DA:75,0
DA:77,0
DA:78,0
DA:80,0
DA:81,0
DA:82,0
DA:83,0
DA:84,0
DA:86,0
DA:88,0
DA:89,0
DA:91,0
DA:92,0
DA:95,1
DA:96,0
DA:97,1
DA:98,0
DA:99,0
DA:100,0
DA:101,0
DA:103,0
DA:106,0
DA:107,0
DA:108,0
DA:110,0
DA:111,0
DA:113,0
DA:115,0
DA:118,1
DA:119,89
DA:120,0
DA:122,89
DA:125,1743
DA:126,1743
DA:127,0
DA:130,1743
DA:131,1743
DA:132,89
DA:134,1743
DA:137,1
DA:138,0
DA:141,1
DA:142,0
DA:143,0
DA:146,1
DA:147,1
DA:148,1
LF:97
LH:27
BRDA:1,1,0,1
BRDA:1,1,1,0
BRDA:1,2,0,1
BRDA:1,2,1,1
BRDA:1,3,0,0
BRDA:1,3,1,0
BRDA:1,4,0,0
BRDA:1,4,1,0
BRDA:1,4,2,0
BRDA:1,4,3,0
BRDA:12,8,0,0
BRDA:12,8,1,0
BRDA:16,9,0,0
BRDA:16,9,1,0
BRDA:18,10,0,0
BRDA:18,10,1,0
BRDA:23,11,0,0
BRDA:23,11,1,0
BRDA:38,12,0,0
BRDA:38,12,1,89
BRDA:41,13,0,0
BRDA:41,13,1,89
BRDA:41,14,0,89
BRDA:41,14,1,89
BRDA:60,15,0,0
BRDA:60,15,1,0
BRDA:63,16,0,0
BRDA:63,16,1,0
BRDA:64,17,0,0
BRDA:64,17,1,0
BRDA:72,18,0,0
BRDA:72,18,1,0
BRDA:81,19,0,0
BRDA:81,19,1,0
BRDA:83,20,0,0
BRDA:83,20,1,0
BRDA:99,21,0,0
BRDA:99,21,1,0
BRDA:100,22,0,0
BRDA:100,22,1,0
BRDA:106,23,0,0
BRDA:106,23,1,0
BRDA:107,24,0,0
BRDA:107,24,1,0
BRDA:110,25,0,0
BRDA:110,25,1,0
BRDA:119,26,0,0
BRDA:119,26,1,89
BRDA:126,27,0,0
BRDA:126,27,1,1743
BRDA:126,28,0,1743
BRDA:126,28,1,1743
BRDA:131,29,0,89
BRDA:131,29,1,1654
BRDA:138,30,0,0
BRDA:138,30,1,0
BRF:56
BRH:13
end_of_record
TN:
SF:/Users/apple/ven-3.6/lib/python3.6/site-packages/superset/static/assets/javascripts/i18n.jsx
FN:16,(anonymous_2)
FNF:1
FNH:1
FNDA:1,(anonymous_2)
DA:1,1
DA:3,1
DA:16,1
DA:17,1
DA:19,1
DA:20,1
DA:21,1
DA:22,1
DA:23,0
DA:24,0
DA:25,0
DA:29,1
DA:32,1
LF:13
LH:10
BRDA:19,3,0,1
BRDA:19,3,1,0
BRDA:21,4,0,0
BRDA:21,4,1,1
BRDA:22,5,0,0
BRDA:22,5,1,1
BRDA:22,6,0,1
BRDA:22,6,1,0
BRF:8
BRH:4
end_of_record
TN:
SF:/Users/apple/ven-3.6/lib/python3.6/site-packages/superset/static/assets/javascripts/modules/colors.js
FN:106,(anonymous_2)
FN:109,(anonymous_3)
FN:128,colorScalerFactory
FN:142,(anonymous_5)
FNF:4
FNH:2
FNDA:1,(anonymous_2)
FNDA:5,(anonymous_3)
FNDA:0,colorScalerFactory
FNDA:0,(anonymous_5)
DA:1,1
DA:3,1
DA:6,1
DA:29,1
DA:30,1
DA:31,1
DA:32,1
DA:33,1
DA:45,1
DA:67,1
DA:77,1
DA:106,1
DA:108,1
DA:109,1
DA:110,5
DA:113,5
DA:114,5
DA:116,5
DA:117,5
DA:118,2
DA:120,5
DA:121,3
DA:124,5
DA:128,1
DA:130,0
DA:132,0
DA:134,0
DA:135,0
DA:136,0
DA:138,0
DA:139,0
DA:141,0
DA:142,0
DA:143,0
LF:34
LH:24
BRDA:110,3,0,0
BRDA:110,3,1,5
BRDA:113,4,0,4
BRDA:113,4,1,1
BRDA:117,5,0,2
BRDA:117,5,1,3
BRDA:120,6,0,3
BRDA:120,6,1,2
BRDA:130,7,0,0
BRDA:130,7,1,0
BRDA:135,8,0,0
BRDA:135,8,1,0
BRDA:138,9,0,0
BRDA:138,9,1,0
BRF:14
BRH:7
end_of_record
TN:
SF:/Users/apple/ven-3.6/lib/python3.6/site-packages/superset/static/assets/javascripts/components/MetricOption.jsx
FN:16,MetricOption
FNF:1
FNH:1
FNDA:12,MetricOption
DA:1,1
DA:2,1
DA:4,1
DA:6,1
DA:12,1
DA:16,12
DA:17,12
DA:18,12
DA:20,12
DA:48,1
DA:49,1
LF:11
LH:11
BRDA:17,3,0,12
BRDA:17,3,1,6
BRDA:18,4,0,2
BRDA:18,4,1,10
BRDA:18,5,0,1
BRDA:18,5,1,1
BRDA:22,6,0,12
BRDA:22,6,1,4
BRDA:31,7,0,12
BRDA:31,7,1,12
BRDA:38,8,0,12
BRDA:38,8,1,8
BRF:12
BRH:12
end_of_record
TN:
SF:/Users/apple/ven-3.6/lib/python3.6/site-packages/superset/static/assets/javascripts/components/InfoTooltipWithTrigger.jsx
FN:22,InfoTooltipWithTrigger
FNF:1
FNH:0
FNDA:0,InfoTooltipWithTrigger
DA:1,1
DA:2,1
DA:3,1
DA:4,1
DA:6,1
DA:15,1
DA:20,1
DA:22,1
DA:23,0
DA:24,0
DA:25,0
DA:32,0
DA:33,0
DA:36,0
DA:49,1
DA:50,1
LF:16
LH:10
BRDA:24,3,0,0
BRDA:24,3,1,0
BRDA:29,4,0,0
BRDA:29,4,1,0
BRDA:32,5,0,0
BRDA:32,5,1,0
BRF:6
BRH:0
end_of_record
TN:
SF:/Users/apple/ven-3.6/lib/python3.6/site-packages/superset/static/assets/javascripts/components/ColumnOption.jsx
FN:10,ColumnOption
FNF:1
FNH:1
FNDA:7,ColumnOption
DA:1,1
DA:2,1
DA:4,1
DA:6,1
DA:10,7
DA:12,7
DA:34,1
LF:7
LH:7
BRDA:14,3,0,7
BRDA:14,3,1,1
BRDA:16,4,0,7
BRDA:16,4,1,4
BRDA:24,5,0,7
BRDA:24,5,1,7
BRDA:24,5,2,7
BRF:7
BRH:7
end_of_record
TN:
SF:/Users/apple/ven-3.6/lib/python3.6/site-packages/superset/static/assets/javascripts/components/OptionDescription.jsx
FN:12,OptionDescription
FNF:1
FNH:1
FNDA:2,OptionDescription
DA:1,1
DA:2,1
DA:4,1
DA:6,1
DA:12,2
DA:14,2
DA:28,1
LF:7
LH:7
BRDA:18,3,0,2
BRDA:18,3,1,2
BRF:2
BRH:2
end_of_record
TN:
SF:/Users/apple/ven-3.6/lib/python3.6/site-packages/superset/static/assets/javascripts/components/AsyncSelect.jsx
FN:25,onAsyncError
FN:29,AsyncSelect
FN:36,componentDidMount
FN:39,onChange
FN:42,fetchOptions
FN:46,(anonymous_21)
FN:53,(anonymous_22)
FN:56,(anonymous_23)
FN:60,render
FNF:9
FNH:7
FNDA:0,onAsyncError
FNDA:8,AsyncSelect
FNDA:3,componentDidMount
FNDA:1,onChange
FNDA:6,fetchOptions
FNDA:2,(anonymous_21)
FNDA:0,(anonymous_22)
FNDA:2,(anonymous_23)
FNDA:16,render
DA:1,1
DA:2,1
DA:3,1
DA:4,1
DA:6,1
DA:8,1
DA:22,1
DA:24,0
DA:25,1
DA:28,1
DA:29,1
DA:30,8
DA:31,8
DA:36,1
DA:37,3
DA:39,1
DA:40,1
DA:42,1
DA:43,6
DA:44,6
DA:45,6
DA:47,2
DA:49,2
DA:50,1
DA:54,0
DA:57,2
DA:60,1
DA:62,16
DA:77,1
DA:78,1
DA:80,1
LF:31
LH:29
BRDA:30,18,0,8
BRDA:30,18,1,0
BRDA:47,19,0,2
BRDA:47,19,1,0
BRDA:49,20,0,1
BRDA:49,20,1,1
BRDA:49,21,0,2
BRDA:49,21,1,1
BRDA:49,21,2,1
BRF:9
BRH:7
end_of_record
TN:
SF:/Users/apple/ven-3.6/lib/python3.6/site-packages/superset/static/assets/javascripts/components/CachedLabel.jsx
FN:15,CacheLabel
FN:23,updateTooltipContent
FN:39,mouseOver
FN:44,mouseOut
FN:48,render
FNF:5
FNH:2
FNDA:1,CacheLabel
FNDA:0,updateTooltipContent
FNDA:0,mouseOver
FNDA:0,mouseOut
FNDA:1,render
DA:1,1
DA:2,1
DA:3,1
DA:4,1
DA:5,1
DA:6,1
DA:8,1
DA:14,1
DA:15,1
DA:16,1
DA:17,1
DA:23,1
DA:24,0
DA:31,0
DA:36,0
DA:39,1
DA:40,0
DA:41,0
DA:44,1
DA:45,0
DA:48,1
DA:49,1
DA:51,1
DA:68,1
DA:70,1
LF:25
LH:19
BRDA:16,16,0,1
BRDA:16,16,1,0
BRDA:25,17,0,0
BRDA:25,17,1,0
BRDA:49,18,0,0
BRDA:49,18,1,1
BRF:6
BRH:2
end_of_record
TN:
SF:/Users/apple/ven-3.6/lib/python3.6/site-packages/superset/static/assets/javascripts/components/TooltipWrapper.jsx
FN:17,TooltipWrapper
FNF:1
FNH:1
FNDA:1,TooltipWrapper
DA:1,1
DA:2,1
DA:3,1
DA:4,1
DA:6,1
DA:13,1
DA:17,1
DA:19,1
DA:28,1
DA:29,1
LF:10
LH:10
BRF:0
BRH:0
end_of_record
TN:
SF:/Users/apple/ven-3.6/lib/python3.6/site-packages/superset/static/assets/javascripts/components/Checkbox.jsx
FN:10,Checkbox
FNF:1
FNH:1
FNDA:5,Checkbox
DA:1,1
DA:2,1
DA:4,1
DA:10,5
DA:12,5
DA:24,1
LF:6
LH:6
BRDA:14,3,0,4
BRDA:14,3,1,1
BRF:2
BRH:2
end_of_record
TN:
SF:/Users/apple/ven-3.6/lib/python3.6/site-packages/superset/static/assets/javascripts/components/CopyToClipboard.jsx
FN:18,onCopyEnd
FN:25,CopyToClipboard
FN:37,onMouseOut
FN:42,onClick
FN:44,(anonymous_16)
FN:50,resetTooltipText
FN:54,copyToClipboard
FN:87,tooltipText
FN:94,renderLink
FN:118,renderInMenu
FN:133,renderTooltip
FN:141,render
FNF:12
FNH:6
FNDA:0,onCopyEnd
FNDA:12,CopyToClipboard
FNDA:0,onMouseOut
FNDA:0,onClick
FNDA:0,(anonymous_16)
FNDA:0,resetTooltipText
FNDA:0,copyToClipboard
FNDA:16,tooltipText
FNDA:13,renderLink
FNDA:3,renderInMenu
FNDA:16,renderTooltip
FNDA:16,render
DA:1,1
DA:2,1
DA:3,1
DA:4,1
DA:6,1
DA:16,1
DA:18,1
DA:24,1
DA:25,1
DA:26,12
DA:27,12
DA:32,12
DA:33,12
DA:34,12
DA:37,1
DA:39,0
DA:42,1
DA:43,0
DA:44,0
DA:46,0
DA:50,1
DA:51,0
DA:54,1
DA:55,0
DA:56,0
DA:57,0
DA:58,0
DA:59,0
DA:61,0
DA:62,0
DA:63,0
DA:65,0
DA:66,0
DA:67,0
DA:68,0
DA:69,0
DA:70,0
DA:73,0
DA:76,0
DA:77,0
DA:78,0
DA:80,0
DA:83,0
DA:84,0
DA:87,1
DA:88,16
DA:89,0
DA:91,16
DA:94,1
DA:96,13
DA:118,1
DA:120,3
DA:133,1
DA:135,16
DA:141,1
DA:142,16
DA:143,16
DA:144,3
DA:146,13
DA:148,16
DA:152,1
DA:153,1
LF:62
LH:35
BRDA:26,16,0,12
BRDA:26,16,1,0
BRDA:43,17,0,0
BRDA:43,17,1,0
BRDA:69,18,0,0
BRDA:69,18,1,0
BRDA:77,19,0,0
BRDA:77,19,1,0
BRDA:88,20,0,0
BRDA:88,20,1,16
BRDA:97,21,0,13
BRDA:97,21,1,0
BRDA:143,22,0,3
BRDA:143,22,1,13
BRF:14
BRH:5
end_of_record
TN:
SF:/Users/apple/ven-3.6/lib/python3.6/site-packages/superset/static/assets/javascripts/components/FilterableTable/FilterableTable.jsx
FN:32,FilterableTable
FN:41,(anonymous_13)
FN:42,(anonymous_14)
FN:51,componentDidMount
FN:55,getDatum
FN:59,getWidthsForColumns
FN:62,(anonymous_21)
FN:64,(anonymous_22)
FN:72,fitTableToWidthIfNeeded
FN:80,formatTableData
FN:81,(anonymous_27)
FN:96,hasMatch
FN:103,(anonymous_30)
FN:106,headerRenderer
FN:117,rowClassName
FN:125,sort
FN:129,render
FN:143,(anonymous_39)
FN:148,(anonymous_40)
FN:149,(anonymous_41)
FN:152,rowGetter
FN:157,ref
FN:174,(anonymous_46)
FNF:23
FNH:0
FNDA:0,FilterableTable
FNDA:0,(anonymous_13)
FNDA:0,(anonymous_14)
FNDA:0,componentDidMount
FNDA:0,getDatum
FNDA:0,getWidthsForColumns
FNDA:0,(anonymous_21)
FNDA:0,(anonymous_22)
FNDA:0,fitTableToWidthIfNeeded
FNDA:0,formatTableData
FNDA:0,(anonymous_27)
FNDA:0,hasMatch
FNDA:0,(anonymous_30)
FNDA:0,headerRenderer
FNDA:0,rowClassName
FNDA:0,sort
FNDA:0,render
FNDA:0,(anonymous_39)
FNDA:0,(anonymous_40)
FNDA:0,(anonymous_41)
FNDA:0,rowGetter
FNDA:0,ref
FNDA:0,(anonymous_46)
DA:1,1
DA:2,1
DA:3,1
DA:4,1
DA:10,1
DA:12,1
DA:23,1
DA:31,1
DA:32,1
DA:33,0
DA:34,0
DA:35,0
DA:36,0
DA:37,0
DA:39,0
DA:40,0
DA:41,0
DA:42,0
DA:44,0
DA:51,1
DA:52,0
DA:55,1
DA:56,0
DA:59,1
DA:60,0
DA:61,0
DA:62,0
DA:63,0
DA:64,0
DA:67,0
DA:69,0
DA:72,1
DA:73,0
DA:74,0
DA:75,0
DA:77,0
DA:80,1
DA:81,0
DA:82,0
DA:83,0
DA:84,0
DA:85,0
DA:86,0
DA:88,0
DA:91,0
DA:93,0
DA:96,1
DA:97,0
DA:98,0
DA:99,0
DA:100,0
DA:103,0
DA:106,1
DA:108,0
DA:117,1
DA:118,0
DA:119,0
DA:120,0
DA:122,0
DA:125,1
DA:126,0
DA:129,1
DA:130,0
DA:138,0
DA:140,0
DA:142,0
DA:143,0
DA:146,0
DA:147,0
DA:148,0
DA:149,0
DA:152,1
DA:154,0
DA:157,1
DA:175,0
DA:191,1
DA:192,1
LF:77
LH:23
BRDA:33,21,0,0
BRDA:33,21,1,0
BRDA:74,22,0,0
BRDA:74,22,1,0
BRDA:85,23,0,0
BRDA:85,23,1,0
BRDA:85,24,0,0
BRDA:85,24,1,0
BRDA:99,25,0,0
BRDA:99,25,1,0
BRDA:110,26,0,0
BRDA:110,26,1,0
BRDA:119,27,0,0
BRDA:119,27,1,0
BRDA:120,28,0,0
BRDA:120,28,1,0
BRDA:142,29,0,0
BRDA:142,29,1,0
BRDA:146,30,0,0
BRDA:146,30,1,0
BRDA:149,31,0,0
BRDA:149,31,1,0
BRDA:159,32,0,0
BRDA:159,32,1,0
BRF:24
BRH:0
end_of_record
TN:
SF:/Users/apple/ven-3.6/lib/python3.6/site-packages/superset/static/assets/javascripts/modules/visUtils.js
FN:1,getTextWidth
FNF:1
FNH:0
FNDA:0,getTextWidth
DA:1,1
DA:2,0
DA:3,0
DA:4,0
DA:5,0
DA:6,0
DA:9,1
LF:7
LH:2
BRDA:1,1,0,0
BRDA:1,1,1,0
BRDA:1,2,0,0
BRDA:1,2,1,0
BRF:4
BRH:0
end_of_record
TN:
SF:/Users/apple/ven-3.6/lib/python3.6/site-packages/superset/static/assets/javascripts/components/ModalTrigger.jsx
FN:23,beforeOpen
FN:24,onExit
FN:31,ModalTrigger
FN:40,close
FN:44,open
FN:49,renderModal
FN:74,render
FNF:7
FNH:4
FNDA:0,beforeOpen
FNDA:0,onExit
FNDA:9,ModalTrigger
FNDA:0,close
FNDA:2,open
FNDA:13,renderModal
FNDA:13,render
DA:1,1
DA:2,1
DA:3,1
DA:4,1
DA:5,1
DA:7,1
DA:21,1
DA:23,1
DA:24,1
DA:30,1
DA:31,1
DA:32,9
DA:33,9
DA:36,9
DA:37,9
DA:40,1
DA:41,0
DA:44,1
DA:45,2
DA:46,2
DA:47,2
DA:49,1
DA:51,13
DA:74,1
DA:75,13
DA:78,13
DA:80,5
DA:92,8
DA:100,1
DA:101,1
LF:30
LH:29
BRDA:32,16,0,9
BRDA:32,16,1,0
BRDA:65,17,0,13
BRDA:65,17,1,0
BRDA:78,18,0,5
BRDA:78,18,1,8
BRF:6
BRH:4
end_of_record
TN:
SF:/Users/apple/ven-3.6/lib/python3.6/site-packages/superset/static/assets/javascripts/components/Button.jsx
FN:15,Button
FNF:1
FNH:1
FNDA:15,Button
DA:1,1
DA:2,1
DA:3,1
DA:4,1
DA:6,1
DA:10,1
DA:15,1
DA:16,15
DA:17,15
DA:18,15
DA:19,15
DA:20,15
DA:22,15
DA:27,15
DA:29,6
DA:37,15
DA:40,1
DA:41,1
LF:18
LH:18
BRDA:27,3,0,6
BRDA:27,3,1,9
BRF:2
BRH:2
end_of_record
TN:
SF:/Users/apple/ven-3.6/lib/python3.6/site-packages/superset/static/assets/javascripts/components/PopoverSection.jsx
FN:13,PopoverSection
FNF:1
FNH:1
FNDA:4,PopoverSection
DA:1,1
DA:2,1
DA:3,1
DA:5,1
DA:13,4
DA:15,4
DA:31,1
LF:7
LH:7
BRDA:15,3,0,1
BRDA:15,3,1,3
BRDA:19,4,0,4
BRDA:19,4,1,4
BRDA:24,5,0,3
BRDA:24,5,1,1
BRF:6
BRH:6
end_of_record
TN:
SF:/Users/apple/ven-3.6/lib/python3.6/site-packages/superset/static/assets/javascripts/dashboard/components/CodeModal.jsx
FN:14,codeCallback
FN:18,CodeModal
FN:22,beforeOpen
FN:29,render
FNF:4
FNH:2
FNDA:0,codeCallback
FNDA:1,CodeModal
FNDA:0,beforeOpen
FNDA:1,render
DA:1,1
DA:2,1
DA:4,1
DA:5,1
DA:7,1
DA:13,1
DA:14,1
DA:17,1
DA:18,1
DA:19,1
DA:20,1
DA:22,1
DA:23,0
DA:24,0
DA:25,0
DA:27,0
DA:29,1
DA:31,1
DA:47,1
DA:48,1
LF:20
LH:16
BRDA:19,16,0,1
BRDA:19,16,1,0
BRDA:24,17,0,0
BRDA:24,17,1,0
BRF:4
BRH:1
end_of_record
TN:
SF:/Users/apple/ven-3.6/lib/python3.6/site-packages/superset/static/assets/javascripts/dashboard/components/CssEditor.jsx
FN:21,onChange
FN:26,CssEditor
FN:33,componentWillMount
FN:36,changeCss
FN:40,updateDom
FN:58,changeCssTemplate
FN:61,renderTemplateSelector
FN:76,render
FNF:8
FNH:5
FNDA:0,onChange
FNDA:1,CssEditor
FNDA:1,componentWillMount
FNDA:0,changeCss
FNDA:1,updateDom
FNDA:0,changeCssTemplate
FNDA:1,renderTemplateSelector
FNDA:1,render
DA:1,1
DA:2,1
DA:3,1
DA:5,1
DA:6,1
DA:7,1
DA:9,1
DA:10,1
DA:12,1
DA:19,1
DA:21,1
DA:25,1
DA:26,1
DA:27,1
DA:28,1
DA:33,1
DA:34,1
DA:36,1
DA:37,0
DA:38,0
DA:40,1
DA:41,1
DA:42,1
DA:43,1
DA:44,1
DA:46,1
DA:47,1
DA:48,1
DA:49,1
DA:50,1
DA:52,1
DA:53,0
DA:55,1
DA:58,1
DA:59,0
DA:61,1
DA:62,1
DA:64,1
DA:74,0
DA:76,1
DA:78,1
DA:108,1
DA:109,1
DA:111,1
LF:44
LH:39
BRDA:27,16,0,1
BRDA:27,16,1,0
BRDA:43,17,0,1
BRDA:43,17,1,0
BRDA:46,18,0,1
BRDA:46,18,1,0
BRDA:52,19,0,0
BRDA:52,19,1,1
BRDA:62,20,0,1
BRDA:62,20,1,0
BRDA:98,21,0,1
BRDA:98,21,1,1
BRF:12
BRH:7
end_of_record
TN:
SF:/Users/apple/ven-3.6/lib/python3.6/site-packages/superset/static/assets/javascripts/dashboard/components/RefreshIntervalModal.jsx
FN:15,onChange
FN:24,(anonymous_10)
FN:27,RefreshIntervalModal
FN:33,render
FN:45,onChange
FNF:5
FNH:3
FNDA:0,onChange
FNDA:5,(anonymous_10)
FNDA:1,RefreshIntervalModal
FNDA:1,render
FNDA:0,onChange
DA:1,1
DA:2,1
DA:3,1
DA:4,1
DA:5,1
DA:7,1
DA:13,1
DA:15,1
DA:18,1
DA:24,5
DA:26,1
DA:27,1
DA:28,1
DA:29,1
DA:33,1
DA:35,1
DA:45,1
DA:46,0
DA:47,0
DA:56,1
DA:57,1
DA:59,1
LF:22
LH:20
BRDA:28,16,0,1
BRDA:28,16,1,0
BRF:2
BRH:1
end_of_record
TN:
SF:/Users/apple/ven-3.6/lib/python3.6/site-packages/superset/static/assets/javascripts/dashboard/components/SliceCell.jsx
FN:16,SliceCell
FN:17,onSaveTitle
FN:82,onClick
FNF:3
FNH:1
FNDA:1,SliceCell
FNDA:0,onSaveTitle
FNDA:0,onClick
DA:2,1
DA:3,1
DA:5,1
DA:6,1
DA:7,1
DA:9,1
DA:16,1
DA:17,1
DA:18,0
DA:19,0
DA:24,1
DA:82,1
DA:115,1
DA:117,1
LF:14
LH:12
BRDA:18,3,0,0
BRDA:18,3,1,0
BRDA:43,4,0,1
BRDA:43,4,1,0
BRDA:93,5,0,0
BRDA:93,5,1,1
BRDA:92,6,0,1
BRDA:92,6,1,1
BRF:8
BRH:4
end_of_record
TN:
SF:/Users/apple/ven-3.6/lib/python3.6/site-packages/superset/static/assets/javascripts/explore/exploreUtils.js
FN:1,(anonymous_1)
FN:1,sliceIterator
FN:1,(anonymous_3)
FN:4,getExploreUrl
FN:44,(anonymous_6)
FNF:5
FNH:3
FNDA:1,(anonymous_1)
FNDA:0,sliceIterator
FNDA:6,(anonymous_3)
FNDA:8,getExploreUrl
FNDA:0,(anonymous_6)
DA:1,6
DA:2,1
DA:4,8
DA:5,8
DA:6,8
DA:7,2
DA:14,6
DA:15,6
DA:16,6
DA:20,6
DA:21,6
DA:22,4
DA:24,6
DA:25,6
DA:28,6
DA:29,6
DA:30,6
DA:31,1
DA:33,6
DA:34,1
DA:36,6
DA:37,1
DA:39,6
DA:40,0
DA:42,6
DA:43,6
DA:44,0
DA:45,0
DA:46,0
DA:50,6
DA:51,6
LF:31
LH:27
BRDA:1,1,0,0
BRDA:1,1,1,0
BRDA:1,2,0,0
BRDA:1,2,1,0
BRDA:1,3,0,0
BRDA:1,3,1,0
BRDA:1,4,0,0
BRDA:1,4,1,0
BRDA:1,5,0,0
BRDA:1,5,1,0
BRDA:1,6,0,6
BRDA:1,6,1,0
BRDA:1,7,0,0
BRDA:1,7,1,0
BRDA:4,10,0,7
BRDA:4,10,1,1
BRDA:4,11,0,8
BRDA:4,11,1,7
BRDA:4,12,0,6
BRDA:4,12,1,2
BRDA:4,13,0,8
BRDA:4,13,1,6
BRDA:5,14,0,6
BRDA:5,14,1,2
BRDA:5,15,0,8
BRDA:5,15,1,6
BRDA:5,16,0,0
BRDA:5,16,1,8
BRDA:5,17,0,8
BRDA:5,17,1,0
BRDA:6,18,0,2
BRDA:6,18,1,6
BRDA:15,19,0,6
BRDA:15,19,1,0
BRDA:21,20,0,4
BRDA:21,20,1,2
BRDA:30,21,0,1
BRDA:30,21,1,5
BRDA:33,22,0,1
BRDA:33,22,1,5
BRDA:36,23,0,1
BRDA:36,23,1,5
BRDA:39,24,0,0
BRDA:39,24,1,6
BRDA:43,25,0,0
BRDA:43,25,1,6
BRDA:45,26,0,0
BRDA:45,26,1,0
BRF:48
BRH:28
end_of_record
TN:
SF:/Users/apple/ven-3.6/lib/python3.6/site-packages/superset/static/assets/javascripts/components/EditableTitle.jsx
FN:18,EditableTitle
FN:30,componentWillReceiveProps
FN:38,handleClick
FN:47,handleBlur
FN:71,handleChange
FN:80,handleKeyPress
FN:87,render
FNF:7
FNH:5
FNDA:3,EditableTitle
FNDA:0,componentWillReceiveProps
FNDA:5,handleClick
FNDA:3,handleBlur
FNDA:2,handleChange
FNDA:0,handleKeyPress
FNDA:15,render
DA:1,1
DA:2,1
DA:3,1
DA:4,1
DA:6,1
DA:12,1
DA:17,1
DA:18,1
DA:19,3
DA:20,3
DA:25,3
DA:26,3
DA:27,3
DA:28,3
DA:30,1
DA:31,0
DA:32,0
DA:38,1
DA:39,5
DA:43,4
DA:47,1
DA:48,3
DA:52,3
DA:56,3
DA:57,1
DA:64,2
DA:65,1
DA:68,1
DA:71,1
DA:72,2
DA:76,1
DA:80,1
DA:81,0
DA:82,0
DA:84,0
DA:87,1
DA:89,15
DA:109,1
DA:110,1
DA:112,1
LF:40
LH:35
BRDA:19,16,0,3
BRDA:19,16,1,0
BRDA:31,17,0,0
BRDA:31,17,1,0
BRDA:39,18,0,1
BRDA:39,18,1,4
BRDA:48,19,0,0
BRDA:48,19,1,3
BRDA:56,20,0,1
BRDA:56,20,1,2
BRDA:64,21,0,1
BRDA:64,21,1,1
BRDA:72,22,0,1
BRDA:72,22,1,1
BRDA:81,23,0,0
BRDA:81,23,1,0
BRDA:92,24,0,13
BRDA:92,24,1,2
BRDA:93,25,0,2
BRDA:93,25,1,1
BRDA:97,26,0,7
BRDA:97,26,1,8
BRF:22
BRH:16
end_of_record
TN:
SF:/Users/apple/ven-3.6/lib/python3.6/site-packages/superset/static/assets/javascripts/explore/actions/chartActions.js
FN:8,chartUpdateStarted
FN:13,chartUpdateSucceeded
FN:18,chartUpdateStopped
FN:26,chartUpdateTimeout
FN:31,chartUpdateFailed
FN:36,updateChartStatus
FN:41,chartRenderingFailed
FN:46,removeChartAlert
FN:51,runQuery
FN:52,(anonymous_10)
FN:59,success
FN:62,error
FNF:12
FNH:5
FNDA:1,chartUpdateStarted
FNDA:0,chartUpdateSucceeded
FNDA:0,chartUpdateStopped
FNDA:1,chartUpdateTimeout
FNDA:0,chartUpdateFailed
FNDA:0,updateChartStatus
FNDA:0,chartRenderingFailed
FNDA:0,removeChartAlert
FNDA:1,runQuery
FNDA:1,(anonymous_10)
FNDA:0,success
FNDA:1,error
DA:1,1
DA:2,1
DA:3,1
DA:5,1
DA:7,1
DA:8,1
DA:9,1
DA:12,1
DA:13,1
DA:14,0
DA:17,1
DA:18,1
DA:19,0
DA:20,0
DA:22,0
DA:25,1
DA:26,1
DA:27,1
DA:30,1
DA:31,1
DA:32,0
DA:35,1
DA:36,1
DA:37,0
DA:40,1
DA:41,1
DA:42,0
DA:45,1
DA:46,1
DA:47,0
DA:50,1
DA:51,1
DA:52,1
DA:53,1
DA:54,1
DA:55,1
DA:56,1
DA:59,1
DA:60,0
DA:62,1
DA:63,1
DA:64,1
DA:65,0
DA:66,0
DA:71,1
DA:72,1
LF:46
LH:35
BRDA:19,1,0,0
BRDA:19,1,1,0
BRDA:51,2,0,0
BRDA:51,2,1,1
BRDA:51,3,0,1
BRDA:51,3,1,0
BRDA:51,4,0,0
BRDA:51,4,1,1
BRDA:51,5,0,1
BRDA:51,5,1,0
BRDA:63,6,0,1
BRDA:63,6,1,0
BRDA:65,7,0,0
BRDA:65,7,1,0
BRF:14
BRH:5
end_of_record
TN:
SF:/Users/apple/ven-3.6/lib/python3.6/site-packages/superset/static/assets/javascripts/explore/stores/store.js
FN:5,getFormDataFromControls
FN:7,(anonymous_3)
FN:13,getControlNames
FN:16,(anonymous_5)
FN:17,(anonymous_6)
FN:18,(anonymous_7)
FN:22,handleDeprecatedControls
FN:32,getControlsState
FN:52,(anonymous_10)
FN:61,(anonymous_11)
FN:73,(anonymous_12)
FN:74,(anonymous_13)
FN:87,applyDefaultFormData
FN:94,(anonymous_15)
FN:118,(anonymous_16)
FNF:15
FNH:3
FNDA:3,getFormDataFromControls
FNDA:300,(anonymous_3)
FNDA:0,getControlNames
FNDA:0,(anonymous_5)
FNDA:0,(anonymous_6)
FNDA:0,(anonymous_7)
FNDA:0,handleDeprecatedControls
FNDA:0,getControlsState
FNDA:0,(anonymous_10)
FNDA:0,(anonymous_11)
FNDA:0,(anonymous_12)
FNDA:0,(anonymous_13)
FNDA:0,applyDefaultFormData
FNDA:0,(anonymous_15)
FNDA:150,(anonymous_16)
DA:2,1
DA:3,1
DA:5,1
DA:6,3
DA:7,3
DA:8,300
DA:10,3
DA:13,1
DA:14,0
DA:15,0
DA:16,0
DA:17,0
DA:18,0
DA:19,0
DA:22,1
DA:27,0
DA:28,0
DA:32,1
DA:42,0
DA:43,0
DA:45,0
DA:47,0
DA:49,0
DA:50,0
DA:51,0
DA:52,0
DA:53,0
DA:54,0
DA:55,0
DA:56,0
DA:60,0
DA:61,0
DA:62,0
DA:63,0
DA:64,0
DA:65,0
DA:69,0
DA:70,0
DA:71,0
DA:73,0
DA:74,0
DA:77,0
DA:78,0
DA:80,0
DA:81,0
DA:82,0
DA:84,0
DA:87,1
DA:88,0
DA:89,0
DA:90,0
DA:91,0
DA:92,0
DA:93,0
DA:94,0
DA:95,0
DA:96,0
DA:97,0
DA:99,0
DA:100,0
DA:101,0
DA:103,0
DA:106,0
DA:109,0
DA:112,1
DA:117,1
DA:118,1
DA:119,150
DA:122,1
DA:127,1
LF:70
LH:17
BRDA:27,3,0,0
BRDA:27,3,1,0
BRDA:43,4,0,0
BRDA:43,4,1,0
BRDA:50,5,0,0
BRDA:50,5,1,0
BRDA:54,6,0,0
BRDA:54,6,1,0
BRDA:60,7,0,0
BRDA:60,7,1,0
BRDA:60,8,0,0
BRDA:60,8,1,0
BRDA:60,8,2,0
BRDA:60,8,3,0
BRDA:62,9,0,0
BRDA:62,9,1,0
BRDA:62,10,0,0
BRDA:62,10,1,0
BRDA:62,10,2,0
BRDA:64,11,0,0
BRDA:64,11,1,0
BRDA:64,12,0,0
BRDA:64,12,1,0
BRDA:64,12,2,0
BRDA:69,13,0,0
BRDA:69,13,1,0
BRDA:69,14,0,0
BRDA:69,14,1,0
BRDA:70,15,0,0
BRDA:70,15,1,0
BRDA:77,16,0,0
BRDA:77,16,1,0
BRDA:81,17,0,0
BRDA:81,17,1,0
BRDA:89,18,0,0
BRDA:89,18,1,0
BRDA:92,19,0,0
BRDA:92,19,1,0
BRDA:96,20,0,0
BRDA:96,20,1,0
BRDA:99,21,0,0
BRDA:99,21,1,0
BRDA:100,22,0,0
BRDA:100,22,1,0
BRF:44
BRH:0
end_of_record
TN:
SF:/Users/apple/ven-3.6/lib/python3.6/site-packages/superset/static/assets/javascripts/explore/actions/exploreActions.js
FN:8,setDatasourceType
FN:13,setDatasource
FN:18,setDatasources
FN:23,fetchDatasourceStarted
FN:28,fetchDatasourceSucceeded
FN:33,fetchDatasourceFailed
FN:38,fetchDatasourcesStarted
FN:43,fetchDatasourcesSucceeded
FN:48,fetchDatasourcesFailed
FN:53,resetControls
FN:58,triggerQuery
FN:62,fetchDatasourceMetadata
FN:63,(anonymous_13)
FN:69,success
FN:77,error
FN:84,fetchDatasources
FN:85,(anonymous_19)
FN:91,success
FN:95,error
FN:103,toggleFaveStar
FN:108,fetchFaveStar
FN:109,(anonymous_26)
FN:111,(anonymous_27)
FN:120,saveFaveStar
FN:121,(anonymous_29)
FN:130,setControlValue
FN:135,updateExploreEndpoints
FN:140,removeControlPanelAlert
FN:145,updateChartTitle
FN:150,renderTriggered
FN:155,createNewSlice
FNF:31
FNH:11
FNDA:0,setDatasourceType
FNDA:2,setDatasource
FNDA:0,setDatasources
FNDA:6,fetchDatasourceStarted
FNDA:2,fetchDatasourceSucceeded
FNDA:1,fetchDatasourceFailed
FNDA:0,fetchDatasourcesStarted
FNDA:0,fetchDatasourcesSucceeded
FNDA:0,fetchDatasourcesFailed
FNDA:2,resetControls
FNDA:2,triggerQuery
FNDA:6,fetchDatasourceMetadata
FNDA:6,(anonymous_13)
FNDA:2,success
FNDA:1,error
FNDA:0,fetchDatasources
FNDA:0,(anonymous_19)
FNDA:0,success
FNDA:0,error
FNDA:0,toggleFaveStar
FNDA:0,fetchFaveStar
FNDA:0,(anonymous_26)
FNDA:0,(anonymous_27)
FNDA:0,saveFaveStar
FNDA:0,(anonymous_29)
FNDA:2,setControlValue
FNDA:0,updateExploreEndpoints
FNDA:0,removeControlPanelAlert
FNDA:0,updateChartTitle
FNDA:0,renderTriggered
FNDA:0,createNewSlice
DA:3,1
DA:5,1
DA:7,1
DA:8,1
DA:9,0
DA:12,1
DA:13,1
DA:14,2
DA:17,1
DA:18,1
DA:19,0
DA:22,1
DA:23,1
DA:24,6
DA:27,1
DA:28,1
DA:29,2
DA:32,1
DA:33,1
DA:34,1
DA:37,1
DA:38,1
DA:39,0
DA:42,1
DA:43,1
DA:44,0
DA:47,1
DA:48,1
DA:49,0
DA:52,1
DA:53,1
DA:54,2
DA:57,1
DA:58,2
DA:59,2
DA:62,6
DA:63,6
DA:64,6
DA:65,6
DA:66,6
DA:69,1
DA:70,2
DA:71,2
DA:72,2
DA:73,2
DA:74,1
DA:77,1
DA:78,1
DA:84,1
DA:85,0
DA:86,0
DA:87,0
DA:88,0
DA:91,1
DA:92,0
DA:93,0
DA:95,1
DA:96,0
DA:102,1
DA:103,1
DA:104,0
DA:107,1
DA:108,1
DA:109,0
DA:110,0
DA:111,0
DA:112,0
DA:113,0
DA:119,1
DA:120,1
DA:121,0
DA:122,0
DA:123,0
DA:124,0
DA:125,0
DA:129,1
DA:130,1
DA:131,2
DA:134,1
DA:135,1
DA:136,0
DA:139,1
DA:140,1
DA:141,0
DA:144,1
DA:145,1
DA:146,0
DA:149,1
DA:150,1
DA:151,0
DA:154,1
DA:155,1
DA:156,0
LF:93
LH:65
BRDA:58,1,0,1
BRDA:58,1,1,1
BRDA:58,2,0,2
BRDA:58,2,1,1
BRDA:62,3,0,6
BRDA:62,3,1,0
BRDA:62,4,0,6
BRDA:62,4,1,6
BRDA:73,5,0,1
BRDA:73,5,1,1
BRDA:112,6,0,0
BRDA:112,6,1,0
BRDA:122,7,0,0
BRDA:122,7,1,0
BRF:14
BRH:9
end_of_record
TN:
SF:/Users/apple/ven-3.6/lib/python3.6/site-packages/superset/static/assets/javascripts/explore/components/controls/BoundsControl.jsx
FN:13,onChange
FN:18,BoundsControl
FN:30,onMinChange
FN:38,onMaxChange
FN:46,onChange
FN:61,render
FNF:6
FNH:5
FNDA:0,onChange
FNDA:3,BoundsControl
FNDA:2,onMinChange
FNDA:1,onMaxChange
FNDA:3,onChange
FNDA:6,render
DA:1,1
DA:2,1
DA:3,1
DA:4,1
DA:5,1
DA:7,1
DA:12,1
DA:13,1
DA:17,1
DA:18,1
DA:19,3
DA:20,3
DA:26,3
DA:27,3
DA:28,3
DA:30,1
DA:31,2
DA:38,1
DA:39,1
DA:46,1
DA:47,3
DA:48,3
DA:49,3
DA:50,1
DA:52,3
DA:53,0
DA:55,3
DA:56,2
DA:58,1
DA:61,1
DA:63,6
DA:90,1
DA:91,1
LF:33
LH:32
BRDA:19,16,0,3
BRDA:19,16,1,0
BRDA:22,17,0,3
BRDA:22,17,1,0
BRDA:23,18,0,3
BRDA:23,18,1,0
BRDA:49,19,0,1
BRDA:49,19,1,2
BRDA:49,20,0,3
BRDA:49,20,1,3
BRDA:52,21,0,0
BRDA:52,21,1,3
BRDA:52,22,0,3
BRDA:52,22,1,1
BRDA:55,23,0,2
BRDA:55,23,1,1
BRF:16
BRH:12
end_of_record
TN:
SF:/Users/apple/ven-3.6/lib/python3.6/site-packages/superset/static/assets/javascripts/explore/components/ControlHeader.jsx
FN:25,renderOptionalIcons
FN:54,render
FNF:2
FNH:2
FNDA:7,renderOptionalIcons
FNDA:8,render
DA:1,1
DA:2,1
DA:3,1
DA:4,1
DA:5,1
DA:7,1
DA:18,1
DA:24,1
DA:25,1
DA:26,7
DA:28,0
DA:52,7
DA:54,1
DA:55,8
DA:56,1
DA:58,7
DA:60,7
DA:105,1
DA:106,1
LF:19
LH:18
BRDA:26,17,0,0
BRDA:26,17,1,7
BRDA:29,18,0,0
BRDA:29,18,1,0
BRDA:39,19,0,0
BRDA:39,19,1,0
BRDA:55,20,0,1
BRDA:55,20,1,7
BRDA:58,21,0,0
BRDA:58,21,1,7
BRDA:65,22,0,7
BRDA:65,22,1,1
BRDA:71,23,0,0
BRDA:71,23,1,7
BRDA:76,24,0,7
BRDA:76,24,1,0
BRDA:94,25,0,7
BRDA:94,25,1,0
BRF:18
BRH:9
end_of_record
TN:
SF:/Users/apple/ven-3.6/lib/python3.6/site-packages/superset/static/assets/javascripts/explore/components/controls/CheckboxControl.jsx
FN:16,onChange
FN:22,onChange
FN:25,render
FNF:3
FNH:1
FNDA:0,onChange
FNDA:0,onChange
FNDA:1,render
DA:1,1
DA:2,1
DA:3,1
DA:4,1
DA:6,1
DA:14,1
DA:16,1
DA:19,1
DA:21,1
DA:22,1
DA:23,0
DA:25,1
DA:27,1
DA:41,1
DA:42,1
LF:15
LH:14
BRF:0
BRH:0
end_of_record
TN:
SF:/Users/apple/ven-3.6/lib/python3.6/site-packages/superset/static/assets/javascripts/explore/components/controls/ColorPickerControl.jsx
FN:15,onChange
FN:49,ColorPickerControl
FN:53,onChange
FN:56,renderPopover
FN:62,(anonymous_16)
FN:66,render
FNF:6
FNH:4
FNDA:0,onChange
FNDA:3,ColorPickerControl
FNDA:0,onChange
FNDA:4,renderPopover
FNDA:84,(anonymous_16)
FNDA:3,render
DA:1,1
DA:2,1
DA:3,1
DA:4,1
DA:6,1
DA:7,1
DA:9,1
DA:14,1
DA:15,1
DA:18,1
DA:28,1
DA:48,1
DA:49,1
DA:50,3
DA:51,3
DA:53,1
DA:54,0
DA:56,1
DA:58,4
DA:62,84
DA:66,1
DA:67,3
DA:68,3
DA:71,3
DA:91,1
DA:92,1
LF:26
LH:25
BRDA:50,16,0,3
BRDA:50,16,1,0
BRDA:67,17,0,3
BRDA:67,17,1,0
BRF:4
BRH:2
end_of_record
TN:
SF:/Users/apple/ven-3.6/lib/python3.6/site-packages/superset/static/assets/javascripts/explore/components/controls/ColorSchemeControl.jsx
FN:23,onChange
FN:27,ColorSchemeControl
FN:37,onChange
FN:43,renderOption
FN:51,(anonymous_17)
FN:54,(anonymous_18)
FN:63,render
FN:69,(anonymous_21)
FNF:8
FNH:2
FNDA:0,onChange
FNDA:1,ColorSchemeControl
FNDA:0,onChange
FNDA:0,renderOption
FNDA:0,(anonymous_17)
FNDA:0,(anonymous_18)
FNDA:1,render
FNDA:0,(anonymous_21)
DA:1,1
DA:2,1
DA:3,1
DA:4,1
DA:6,1
DA:8,1
DA:20,1
DA:23,1
DA:26,1
DA:27,1
DA:28,1
DA:29,1
DA:33,1
DA:34,1
DA:37,1
DA:38,0
DA:39,0
DA:40,0
DA:43,1
DA:44,0
DA:48,0
DA:49,0
DA:50,0
DA:51,0
DA:54,0
DA:55,0
DA:60,0
DA:63,1
DA:64,1
DA:69,0
DA:78,1
DA:86,1
DA:87,1
LF:33
LH:21
BRDA:28,17,0,1
BRDA:28,17,1,0
BRDA:38,18,0,0
BRDA:38,18,1,0
BRDA:45,19,0,0
BRDA:45,19,1,0
BRDA:49,20,0,0
BRDA:49,20,1,0
BRDA:57,21,0,0
BRDA:57,21,1,0
BRF:10
BRH:1
end_of_record
TN:
SF:/Users/apple/ven-3.6/lib/python3.6/site-packages/superset/static/assets/javascripts/explore/components/ControlPanelsContainer.jsx
FN:1,_inherits
FN:25,ControlPanelsContainer
FN:30,getControlData
FN:46,sectionsToRender
FN:49,removeAlert
FN:52,render
FN:67,(anonymous_20)
FN:68,(anonymous_21)
FN:68,(anonymous_22)
FN:81,(anonymous_23)
FN:85,(anonymous_24)
FN:109,mapStateToProps
FN:118,mapDispatchToProps
FNF:13
FNH:10
FNDA:1,_inherits
FNDA:1,ControlPanelsContainer
FNDA:24,getControlData
FNDA:1,sectionsToRender
FNDA:0,removeAlert
FNDA:1,render
FNDA:7,(anonymous_20)
FNDA:17,(anonymous_21)
FNDA:24,(anonymous_22)
FNDA:17,(anonymous_23)
FNDA:24,(anonymous_24)
FNDA:0,mapStateToProps
FNDA:0,mapDispatchToProps
DA:1,1
DA:2,1
DA:3,1
DA:4,1
DA:5,1
DA:6,1
DA:7,1
DA:8,1
DA:9,1
DA:10,1
DA:11,1
DA:12,1
DA:14,1
DA:24,1
DA:25,1
DA:26,1
DA:27,1
DA:28,1
DA:30,1
DA:31,24
DA:33,24
DA:36,24
DA:37,24
DA:38,0
DA:41,24
DA:42,10
DA:44,14
DA:46,1
DA:47,1
DA:49,1
DA:50,0
DA:52,1
DA:53,1
DA:55,1
DA:68,17
DA:69,24
DA:74,7
DA:82,17
DA:86,24
DA:107,1
DA:109,1
DA:110,0
DA:118,1
DA:119,0
DA:124,1
DA:126,1
LF:46
LH:42
BRDA:1,17,0,0
BRDA:1,17,1,1
BRDA:1,18,0,1
BRDA:1,18,1,0
BRDA:1,19,0,1
BRDA:1,19,1,1
BRDA:1,20,0,1
BRDA:1,20,1,0
BRDA:1,21,0,1
BRDA:1,21,1,0
BRDA:26,22,0,1
BRDA:26,22,1,0
BRDA:36,23,0,24
BRDA:36,23,1,0
BRDA:37,24,0,0
BRDA:37,24,1,24
BRDA:37,25,0,24
BRDA:37,25,1,2
BRDA:41,26,0,10
BRDA:41,26,1,14
BRDA:57,27,0,1
BRDA:57,27,1,0
BRDA:69,28,0,24
BRDA:69,28,1,24
BRDA:69,28,2,0
BRDA:86,29,0,24
BRDA:86,29,1,24
BRDA:86,29,2,24
BRF:28
BRH:19
end_of_record
TN:
SF:/Users/apple/ven-3.6/lib/python3.6/site-packages/superset/static/assets/javascripts/explore/components/ControlPanelSection.jsx
FN:22,ControlPanelSection
FN:26,toggleExpand
FN:29,renderHeader
FN:52,render
FNF:4
FNH:3
FNDA:3,ControlPanelSection
FNDA:0,toggleExpand
FNDA:3,renderHeader
FNDA:3,render
DA:1,1
DA:2,1
DA:3,1
DA:4,1
DA:6,1
DA:14,1
DA:21,1
DA:22,1
DA:23,3
DA:24,3
DA:26,1
DA:27,0
DA:29,1
DA:30,3
DA:32,3
DA:52,1
DA:54,3
DA:66,1
DA:67,1
LF:19
LH:18
BRDA:23,16,0,3
BRDA:23,16,1,0
BRDA:32,17,0,3
BRDA:32,17,1,2
BRDA:35,18,0,0
BRDA:35,18,1,2
BRDA:41,19,0,2
BRDA:41,19,1,2
BRDA:43,20,0,2
BRDA:43,20,1,0
BRF:10
BRH:7
end_of_record
TN:
SF:/Users/apple/ven-3.6/lib/python3.6/site-packages/superset/static/assets/javascripts/explore/components/ControlRow.jsx
FN:10,ControlSetRow
FN:14,(anonymous_3)
FNF:2
FNH:2
FNDA:2,ControlSetRow
FNDA:3,(anonymous_3)
DA:1,1
DA:2,1
DA:4,1
DA:6,1
DA:10,1
DA:11,2
DA:13,2
DA:15,3
DA:23,1
DA:24,1
LF:10
LH:10
BRF:0
BRH:0
end_of_record
TN:
SF:/Users/apple/ven-3.6/lib/python3.6/site-packages/superset/static/assets/javascripts/explore/components/Control.jsx
FN:37,Control
FN:43,componentDidMount
FN:46,onChange
FN:49,setHover
FN:52,validateAndSetValue
FN:66,validate
FN:70,(anonymous_21)
FN:79,render
FNF:8
FNH:0
FNDA:0,Control
FNDA:0,componentDidMount
FNDA:0,onChange
FNDA:0,setHover
FNDA:0,validateAndSetValue
FNDA:0,validate
FNDA:0,(anonymous_21)
FNDA:0,render
DA:1,1
DA:2,1
DA:4,1
DA:6,1
DA:8,1
DA:29,1
DA:36,1
DA:37,1
DA:38,0
DA:39,0
DA:40,0
DA:41,0
DA:43,1
DA:44,0
DA:46,1
DA:47,0
DA:49,1
DA:50,0
DA:52,1
DA:53,0
DA:54,0
DA:55,0
DA:56,0
DA:58,0
DA:59,0
DA:62,0
DA:63,0
DA:66,1
DA:67,0
DA:68,0
DA:69,0
DA:70,0
DA:71,0
DA:72,0
DA:73,0
DA:77,0
DA:79,1
DA:80,0
DA:81,0
DA:83,0
DA:98,1
DA:99,1
LF:42
LH:16
BRDA:38,18,0,0
BRDA:38,18,1,0
BRDA:55,19,0,0
BRDA:55,19,1,0
BRDA:55,20,0,0
BRDA:55,20,1,0
BRDA:58,21,0,0
BRDA:58,21,1,0
BRDA:62,22,0,0
BRDA:62,22,1,0
BRDA:62,23,0,0
BRDA:62,23,1,0
BRDA:69,24,0,0
BRDA:69,24,1,0
BRDA:69,25,0,0
BRDA:69,25,1,0
BRDA:72,26,0,0
BRDA:72,26,1,0
BRDA:81,27,0,0
BRDA:81,27,1,0
BRF:20
BRH:0
end_of_record
TN:
SF:/Users/apple/ven-3.6/lib/python3.6/site-packages/superset/static/assets/javascripts/explore/components/controls/index.js
FNF:0
FNH:0
DA:1,1
DA:2,1
DA:3,1
DA:4,1
DA:5,1
DA:6,1
DA:7,1
DA:8,1
DA:9,1
DA:10,1
DA:11,1
DA:12,1
DA:13,1
DA:14,1
DA:15,1
DA:17,1
DA:34,1
LF:17
LH:17
BRF:0
BRH:0
end_of_record
TN:
SF:/Users/apple/ven-3.6/lib/python3.6/site-packages/superset/static/assets/javascripts/explore/components/controls/CollectionControl.jsx
FN:33,onChange
FN:42,(anonymous_15)
FN:46,CollectionControl
FN:50,onChange
FN:54,onAdd
FN:57,onSortEnd
FN:60,removeItem
FN:61,(anonymous_26)
FN:63,renderList
FN:74,(anonymous_29)
FN:102,render
FNF:11
FNH:0
FNDA:0,onChange
FNDA:0,(anonymous_15)
FNDA:0,CollectionControl
FNDA:0,onChange
FNDA:0,onAdd
FNDA:0,onSortEnd
FNDA:0,removeItem
FNDA:0,(anonymous_26)
FNDA:0,renderList
FNDA:0,(anonymous_29)
FNDA:0,render
DA:1,1
DA:2,1
DA:3,1
DA:4,1
DA:5,1
DA:9,1
DA:10,1
DA:11,1
DA:13,1
DA:30,1
DA:33,1
DA:35,0
DA:36,0
DA:40,1
DA:41,1
DA:42,1
DA:43,0
DA:45,1
DA:46,1
DA:47,0
DA:48,0
DA:50,1
DA:51,0
DA:52,0
DA:54,1
DA:55,0
DA:57,1
DA:58,0
DA:60,1
DA:61,0
DA:63,1
DA:64,0
DA:65,0
DA:67,0
DA:69,0
DA:75,0
DA:102,1
DA:104,0
DA:120,1
DA:121,1
LF:40
LH:24
BRDA:47,18,0,0
BRDA:47,18,1,0
BRDA:64,19,0,0
BRDA:64,19,1,0
BRF:4
BRH:0
end_of_record
TN:
SF:/Users/apple/ven-3.6/lib/python3.6/site-packages/superset/static/assets/javascripts/explore/components/controls/DatasourceControl.jsx
FN:1,_inherits
FN:20,onChange
FN:24,DatasourceControl
FN:36,onChange
FN:40,onEnterModal
FN:50,success
FN:51,(anonymous_18)
FN:68,error
FN:75,setSearchRef
FN:78,toggleModal
FN:81,changeSearch
FN:84,selectDatasource
FN:88,render
FN:128,inputRef
FNF:14
FNH:3
FNDA:1,_inherits
FNDA:0,onChange
FNDA:1,DatasourceControl
FNDA:0,onChange
FNDA:0,onEnterModal
FNDA:0,success
FNDA:0,(anonymous_18)
FNDA:0,error
FNDA:0,setSearchRef
FNDA:0,toggleModal
FNDA:0,changeSearch
FNDA:0,selectDatasource
FNDA:1,render
FNDA:0,inputRef
DA:1,1
DA:2,1
DA:3,1
DA:4,1
DA:5,1
DA:7,1
DA:8,1
DA:10,1
DA:19,1
DA:20,1
DA:23,1
DA:24,1
DA:25,1
DA:26,1
DA:31,1
DA:32,1
DA:33,1
DA:34,1
DA:36,1
DA:37,0
DA:38,0
DA:40,1
DA:41,0
DA:42,0
DA:44,0
DA:45,0
DA:46,0
DA:47,0
DA:50,1
DA:51,0
DA:66,0
DA:68,1
DA:69,0
DA:70,0
DA:75,1
DA:76,0
DA:78,1
DA:79,0
DA:81,1
DA:82,0
DA:84,1
DA:85,0
DA:86,0
DA:88,1
DA:90,1
DA:128,1
DA:160,1
DA:161,1
LF:48
LH:31
BRDA:1,11,0,0
BRDA:1,11,1,1
BRDA:1,12,0,1
BRDA:1,12,1,0
BRDA:1,13,0,1
BRDA:1,13,1,1
BRDA:1,14,0,1
BRDA:1,14,1,0
BRDA:1,15,0,1
BRDA:1,15,1,0
BRDA:25,16,0,1
BRDA:25,16,1,0
BRDA:41,17,0,0
BRDA:41,17,1,0
BRDA:46,18,0,0
BRDA:46,18,1,0
BRDA:136,19,0,1
BRDA:136,19,1,1
BRDA:143,20,0,1
BRDA:143,20,1,0
BRF:20
BRH:10
end_of_record
TN:
SF:/Users/apple/ven-3.6/lib/python3.6/site-packages/superset/static/assets/javascripts/explore/components/controls/DateFilterControl.jsx
FN:30,onChange
FN:35,DateFilterControl
FN:60,onControlChange
FN:63,onNumberChange
FN:66,onChange
FN:77,onFreeChange
FN:80,setType
FN:83,setValue
FN:87,setDatetime
FN:90,close
FN:93,renderPopover
FN:135,(anonymous_31)
FN:144,(anonymous_32)
FN:196,render
FNF:14
FNH:5
FNDA:0,onChange
FNDA:5,DateFilterControl
FNDA:0,onControlChange
FNDA:0,onNumberChange
FNDA:0,onChange
FNDA:0,onFreeChange
FNDA:0,setType
FNDA:0,setValue
FNDA:0,setDatetime
FNDA:0,close
FNDA:5,renderPopover
FNDA:30,(anonymous_31)
FNDA:10,(anonymous_32)
FNDA:5,render
DA:1,1
DA:2,1
DA:3,1
DA:7,1
DA:8,1
DA:9,1
DA:10,1
DA:12,1
DA:13,1
DA:15,1
DA:16,1
DA:18,1
DA:28,1
DA:30,1
DA:34,1
DA:35,1
DA:36,5
DA:37,5
DA:38,5
DA:46,5
DA:47,5
DA:48,5
DA:49,5
DA:50,5
DA:51,5
DA:52,0
DA:53,0
DA:54,0
DA:56,0
DA:57,0
DA:60,1
DA:61,0
DA:63,1
DA:64,0
DA:66,1
DA:67,0
DA:68,0
DA:69,0
DA:70,0
DA:71,0
DA:72,0
DA:73,0
DA:75,0
DA:77,1
DA:78,0
DA:80,1
DA:81,0
DA:83,1
DA:84,0
DA:85,0
DA:87,1
DA:88,0
DA:90,1
DA:91,0
DA:93,1
DA:95,5
DA:135,30
DA:144,10
DA:196,1
DA:197,5
DA:199,5
DA:219,1
DA:220,1
LF:63
LH:42
BRDA:36,17,0,5
BRDA:36,17,1,0
BRDA:37,18,0,5
BRDA:37,18,1,0
BRDA:47,19,0,5
BRDA:47,19,1,0
BRDA:47,20,0,5
BRDA:47,20,1,5
BRDA:52,21,0,0
BRDA:52,21,1,0
BRDA:68,22,0,0
BRDA:68,22,1,0
BRDA:70,23,0,0
BRDA:70,23,1,0
BRDA:72,24,0,0
BRDA:72,24,1,0
BRDA:197,25,0,5
BRDA:197,25,1,0
BRDA:211,26,0,5
BRDA:211,26,1,0
BRF:20
BRH:7
end_of_record
TN:
SF:/Users/apple/ven-3.6/lib/python3.6/site-packages/superset/static/assets/javascripts/explore/components/controls/FilterControl.jsx
FN:17,onChange
FN:23,FilterControl
FN:25,(anonymous_12)
FN:34,componentDidMount
FN:35,(anonymous_15)
FN:38,fetchFilterValues
FN:43,(anonymous_18)
FN:51,success
FN:52,(anonymous_21)
FN:62,addFilter
FN:74,(anonymous_24)
FN:82,changeFilter
FN:88,(anonymous_27)
FN:105,removeFilter
FN:106,(anonymous_30)
FN:107,(anonymous_31)
FN:114,render
FN:115,(anonymous_34)
FNF:18
FNH:13
FNDA:0,onChange
FNDA:9,FilterControl
FNDA:18,(anonymous_12)
FNDA:0,componentDidMount
FNDA:0,(anonymous_15)
FNDA:4,fetchFilterValues
FNDA:4,(anonymous_18)
FNDA:0,success
FNDA:0,(anonymous_21)
FNDA:1,addFilter
FNDA:1,(anonymous_24)
FNDA:6,changeFilter
FNDA:4,(anonymous_27)
FNDA:1,removeFilter
FNDA:2,(anonymous_30)
FNDA:1,(anonymous_31)
FNDA:23,render
FNDA:46,(anonymous_34)
DA:1,1
DA:2,1
DA:3,1
DA:4,1
DA:5,1
DA:7,1
DA:9,1
DA:16,1
DA:17,1
DA:21,1
DA:23,1
DA:24,9
DA:25,18
DA:29,9
DA:34,1
DA:35,0
DA:38,1
DA:39,4
DA:40,4
DA:41,4
DA:42,4
DA:43,4
DA:44,4
DA:45,4
DA:46,4
DA:48,4
DA:51,1
DA:52,0
DA:53,0
DA:54,0
DA:55,0
DA:62,1
DA:63,1
DA:64,1
DA:67,1
DA:72,1
DA:73,1
DA:74,1
DA:75,1
DA:76,1
DA:77,1
DA:79,1
DA:82,1
DA:83,6
DA:84,6
DA:85,6
DA:86,4
DA:88,2
DA:89,4
DA:93,6
DA:94,2
DA:95,1
DA:96,1
DA:97,1
DA:99,2
DA:101,6
DA:102,6
DA:105,1
DA:106,2
DA:107,1
DA:108,1
DA:109,1
DA:110,1
DA:114,1
DA:115,23
DA:116,46
DA:129,23
DA:147,1
DA:148,1
LF:69
LH:64
BRDA:24,16,0,9
BRDA:24,16,1,0
BRDA:40,17,0,4
BRDA:40,17,1,0
BRDA:42,18,0,4
BRDA:42,18,1,0
BRDA:42,19,0,4
BRDA:42,19,1,4
BRDA:42,19,2,4
BRDA:42,19,3,4
BRDA:65,20,0,1
BRDA:65,20,1,0
BRDA:64,21,0,1
BRDA:64,21,1,1
BRDA:70,22,0,1
BRDA:70,22,1,0
BRDA:85,23,0,4
BRDA:85,23,1,2
BRDA:93,24,0,2
BRDA:93,24,1,4
BRDA:94,25,0,1
BRDA:94,25,1,1
BRDA:96,26,0,1
BRDA:96,26,1,0
BRF:24
BRH:18
end_of_record
TN:
SF:/Users/apple/ven-3.6/lib/python3.6/site-packages/superset/static/assets/javascripts/explore/components/controls/Filter.jsx
FN:21,(anonymous_8)
FN:36,changeFilter
FN:37,removeFilter
FN:46,switchFilterValue
FN:71,changeText
FN:75,changeSelect
FN:79,changeColumn
FN:83,changeOp
FN:87,removeFilter
FN:91,renderFilterFormControl
FN:118,render
FN:122,(anonymous_31)
FN:128,(anonymous_32)
FN:132,(anonymous_33)
FN:134,(anonymous_34)
FNF:15
FNH:11
FNDA:10,(anonymous_8)
FNDA:0,changeFilter
FNDA:0,removeFilter
FNDA:1,switchFilterValue
FNDA:0,changeText
FNDA:1,changeSelect
FNDA:1,changeColumn
FNDA:1,changeOp
FNDA:0,removeFilter
FNDA:16,renderFilterFormControl
FNDA:16,render
FNDA:160,(anonymous_31)
FNDA:127,(anonymous_32)
FNDA:2,(anonymous_33)
FNDA:29,(anonymous_34)
DA:1,1
DA:2,1
DA:3,1
DA:4,1
DA:5,1
DA:6,1
DA:8,1
DA:20,1
DA:21,1
DA:22,10
DA:25,1
DA:35,1
DA:36,1
DA:37,1
DA:44,1
DA:46,1
DA:47,1
DA:49,0
DA:50,0
DA:51,0
DA:52,0
DA:53,0
DA:55,0
DA:57,0
DA:58,0
DA:59,0
DA:61,0
DA:64,0
DA:67,1
DA:71,1
DA:72,0
DA:75,1
DA:76,1
DA:79,1
DA:80,1
DA:83,1
DA:84,1
DA:87,1
DA:88,0
DA:91,1
DA:92,16
DA:93,16
DA:96,9
DA:109,7
DA:118,1
DA:119,16
DA:120,16
DA:121,16
DA:123,160
DA:124,10
DA:126,150
DA:128,127
DA:129,16
DA:130,16
DA:131,16
DA:132,2
DA:134,29
DA:138,16
DA:180,1
DA:181,1
LF:60
LH:47
BRDA:47,17,0,0
BRDA:47,17,1,1
BRDA:51,18,0,0
BRDA:51,18,1,0
BRDA:52,19,0,0
BRDA:52,19,1,0
BRDA:52,20,0,0
BRDA:52,20,1,0
BRDA:57,21,0,0
BRDA:57,21,1,0
BRDA:58,22,0,0
BRDA:58,22,1,0
BRDA:58,23,0,0
BRDA:58,23,1,0
BRDA:93,24,0,9
BRDA:93,24,1,7
BRDA:93,25,0,16
BRDA:93,25,1,10
BRDA:112,26,0,7
BRDA:112,26,1,7
BRDA:123,27,0,10
BRDA:123,27,1,150
BRDA:126,28,0,150
BRDA:126,28,1,30
BRDA:130,29,0,16
BRDA:130,29,1,0
BRDA:131,30,0,1
BRDA:131,30,1,15
BRDA:143,31,0,1
BRDA:143,31,1,15
BRF:30
BRH:16
end_of_record
TN:
SF:/Users/apple/ven-3.6/lib/python3.6/site-packages/superset/static/assets/javascripts/explore/components/controls/SelectControl.jsx
FN:33,onChange
FN:43,pasteSelect
FN:48,ref
FN:56,onPaste
FN:66,(anonymous_21)
FN:68,(anonymous_22)
FN:72,(anonymous_23)
FN:90,SelectControl
FN:95,componentWillReceiveProps
FN:102,onChange
FN:106,(anonymous_30)
FN:110,getOptions
FN:115,(anonymous_33)
FN:135,(anonymous_34)
FN:141,(anonymous_35)
FN:150,render
FNF:16
FNH:9
FNDA:0,onChange
FNDA:6,pasteSelect
FNDA:0,ref
FNDA:0,onPaste
FNDA:0,(anonymous_21)
FNDA:0,(anonymous_22)
FNDA:0,(anonymous_23)
FNDA:7,SelectControl
FNDA:1,componentWillReceiveProps
FNDA:1,onChange
FNDA:0,(anonymous_30)
FNDA:10,getOptions
FNDA:16,(anonymous_33)
FNDA:2,(anonymous_34)
FNDA:4,(anonymous_35)
FNDA:8,render
DA:1,1
DA:2,1
DA:3,1
DA:4,1
DA:5,1
DA:7,1
DA:25,1
DA:33,1
DA:35,0
DA:36,0
DA:43,1
DA:44,6
DA:46,6
DA:48,1
DA:50,0
DA:51,0
DA:53,0
DA:56,1
DA:57,0
DA:60,0
DA:62,0
DA:63,0
DA:66,0
DA:67,0
DA:73,0
DA:76,0
DA:77,0
DA:84,1
DA:89,1
DA:90,1
DA:91,7
DA:92,7
DA:93,7
DA:95,1
DA:96,1
DA:98,1
DA:99,1
DA:102,1
DA:103,1
DA:105,1
DA:106,0
DA:108,1
DA:110,1
DA:111,10
DA:112,0
DA:115,10
DA:116,16
DA:117,16
DA:118,16
DA:119,16
DA:123,0
DA:124,0
DA:126,0
DA:131,16
DA:133,10
DA:135,3
DA:136,3
DA:137,2
DA:138,2
DA:139,0
DA:141,2
DA:142,4
DA:143,4
DA:148,10
DA:150,1
DA:152,8
DA:168,8
DA:176,8
DA:186,1
DA:187,1
LF:70
LH:50
BRDA:50,19,0,0
BRDA:50,19,1,0
BRDA:57,20,0,0
BRDA:57,20,1,0
BRDA:63,21,0,0
BRDA:63,21,1,0
BRDA:70,22,0,0
BRDA:70,22,1,0
BRDA:76,23,0,0
BRDA:76,23,1,0
BRDA:91,24,0,7
BRDA:91,24,1,0
BRDA:96,25,0,1
BRDA:96,25,1,0
BRDA:96,26,0,1
BRDA:96,26,1,0
BRDA:103,27,0,1
BRDA:103,27,1,0
BRDA:105,28,0,0
BRDA:105,28,1,1
BRDA:106,29,0,0
BRDA:106,29,1,0
BRDA:111,30,0,0
BRDA:111,30,1,10
BRDA:117,31,0,16
BRDA:117,31,1,0
BRDA:118,32,0,16
BRDA:118,32,1,0
BRDA:123,33,0,0
BRDA:123,33,1,0
BRDA:133,34,0,3
BRDA:133,34,1,7
BRDA:136,35,0,2
BRDA:136,35,1,1
BRDA:138,36,0,0
BRDA:138,36,1,2
BRDA:142,37,0,4
BRDA:142,37,1,0
BRDA:169,38,0,2
BRDA:169,38,1,6
BRDA:177,39,0,8
BRDA:177,39,1,8
BRF:42
BRH:18
end_of_record
TN:
SF:/Users/apple/ven-3.6/lib/python3.6/site-packages/superset/static/assets/javascripts/explore/components/controls/HiddenControl.jsx
FN:14,onChange
FN:17,HiddenControl
FNF:2
FNH:0
FNDA:0,onChange
FNDA:0,HiddenControl
DA:1,1
DA:2,1
DA:3,1
DA:5,1
DA:13,1
DA:14,1
DA:17,1
DA:19,0
DA:22,1
DA:23,1
LF:10
LH:9
BRF:0
BRH:0
end_of_record
TN:
SF:/Users/apple/ven-3.6/lib/python3.6/site-packages/superset/static/assets/javascripts/explore/components/controls/SelectAsyncControl.jsx
FN:25,onChange
FN:29,SelectAsyncControl
FN:31,onSelectionChange
FN:32,(anonymous_6)
FNF:4
FNH:0
FNDA:0,onChange
FNDA:0,SelectAsyncControl
FNDA:0,onSelectionChange
FNDA:0,(anonymous_6)
DA:2,1
DA:3,1
DA:4,1
DA:5,1
DA:7,1
DA:22,1
DA:25,1
DA:29,1
DA:31,0
DA:32,0
DA:33,0
DA:37,0
DA:40,0
DA:45,0
DA:50,1
DA:51,1
DA:53,1
LF:17
LH:11
BRF:0
BRH:0
end_of_record
TN:
SF:/Users/apple/ven-3.6/lib/python3.6/site-packages/superset/static/assets/javascripts/explore/components/controls/TextAreaControl.jsx
FN:30,onChange
FN:36,onControlChange
FN:39,onAceChange
FN:42,renderEditor
FN:70,render
FNF:5
FNH:3
FNDA:0,onChange
FNDA:1,onControlChange
FNDA:0,onAceChange
FNDA:8,renderEditor
FNDA:4,render
DA:1,1
DA:2,1
DA:3,1
DA:5,1
DA:6,1
DA:7,1
DA:8,1
DA:9,1
DA:11,1
DA:13,1
DA:14,1
DA:15,1
DA:17,1
DA:27,1
DA:30,1
DA:35,1
DA:36,1
DA:37,1
DA:39,1
DA:40,0
DA:42,8
DA:43,8
DA:45,2
DA:60,6
DA:70,1
DA:71,4
DA:73,4
DA:91,1
DA:92,1
LF:29
LH:28
BRDA:42,17,0,4
BRDA:42,17,1,4
BRDA:42,18,0,8
BRDA:42,18,1,4
BRDA:43,19,0,2
BRDA:43,19,1,6
BRDA:49,20,0,1
BRDA:49,20,1,1
BRDA:50,21,0,1
BRDA:50,21,1,1
BRF:10
BRH:10
end_of_record
TN:
SF:/Users/apple/ven-3.6/lib/python3.6/site-packages/superset/static/assets/javascripts/explore/components/controls/TextControl.jsx
FN:23,onChange
FN:30,TextControl
FN:34,onChange
FN:57,render
FNF:4
FNH:0
FNDA:0,onChange
FNDA:0,TextControl
FNDA:0,onChange
FNDA:0,render
DA:1,1
DA:2,1
DA:3,1
DA:4,1
DA:5,1
DA:7,1
DA:20,1
DA:23,1
DA:29,1
DA:30,1
DA:31,0
DA:32,0
DA:34,1
DA:35,0
DA:38,0
DA:39,0
DA:40,0
DA:41,0
DA:42,0
DA:44,0
DA:47,0
DA:48,0
DA:49,0
DA:50,0
DA:52,0
DA:55,0
DA:57,1
DA:58,0
DA:60,0
DA:75,1
DA:76,1
LF:31
LH:14
BRDA:31,20,0,0
BRDA:31,20,1,0
BRDA:35,21,0,0
BRDA:35,21,1,0
BRDA:39,22,0,0
BRDA:39,22,1,0
BRDA:41,23,0,0
BRDA:41,23,1,0
BRDA:47,24,0,0
BRDA:47,24,1,0
BRDA:49,25,0,0
BRDA:49,25,1,0
BRDA:58,26,0,0
BRDA:58,26,1,0
BRF:14
BRH:0
end_of_record
TN:
SF:/Users/apple/ven-3.6/lib/python3.6/site-packages/superset/static/assets/javascripts/explore/components/controls/TimeSeriesColumnControl.jsx
FN:16,onChange
FN:34,TimeSeriesColumnControl
FN:41,onChange
FN:44,onSelectChange
FN:47,onTextInputChange
FN:50,onBoundsChange
FN:53,setType
FN:55,textSummary
FN:58,edit
FN:60,formRow
FN:75,renderPopover
FN:198,render
FNF:12
FNH:5
FNDA:0,onChange
FNDA:2,TimeSeriesColumnControl
FNDA:0,onChange
FNDA:0,onSelectChange
FNDA:0,onTextInputChange
FNDA:0,onBoundsChange
FNDA:0,setType
FNDA:2,textSummary
FNDA:0,edit
FNDA:15,formRow
FNDA:3,renderPopover
FNDA:2,render
DA:1,1
DA:2,1
DA:3,1
DA:6,1
DA:8,1
DA:9,1
DA:11,1
DA:15,1
DA:16,1
DA:19,1
DA:26,1
DA:33,1
DA:34,1
DA:35,2
DA:36,2
DA:37,2
DA:38,2
DA:39,2
DA:41,1
DA:42,0
DA:44,1
DA:45,0
DA:47,1
DA:48,0
DA:50,1
DA:51,0
DA:53,1
DA:55,1
DA:56,2
DA:58,1
DA:60,1
DA:62,15
DA:75,1
DA:77,3
DA:198,1
DA:200,2
DA:222,1
DA:223,1
LF:38
LH:34
BRDA:35,17,0,2
BRDA:35,17,1,0
BRDA:113,18,0,3
BRDA:113,18,1,0
BRDA:124,19,0,3
BRDA:124,19,1,0
BRDA:135,20,0,3
BRDA:135,20,1,0
BRDA:146,21,0,3
BRDA:146,21,1,0
BRDA:157,22,0,3
BRDA:157,22,1,0
BRDA:168,23,0,3
BRDA:168,23,1,3
BRF:14
BRH:8
end_of_record
TN:
SF:/Users/apple/ven-3.6/lib/python3.6/site-packages/superset/static/assets/javascripts/explore/components/controls/VizTypeControl.jsx
FN:19,onChange
FN:23,VizTypeControl
FN:34,onChange
FN:38,setSearchRef
FN:41,toggleModal
FN:44,changeSearch
FN:47,focusSearch
FN:52,renderVizType
FN:70,render
FN:73,(anonymous_26)
FN:80,(anonymous_27)
FN:116,inputRef
FNF:12
FNH:6
FNDA:0,onChange
FNDA:3,VizTypeControl
FNDA:1,onChange
FNDA:0,setSearchRef
FNDA:0,toggleModal
FNDA:0,changeSearch
FNDA:0,focusSearch
FNDA:114,renderVizType
FNDA:4,render
FNDA:144,(anonymous_26)
FNDA:114,(anonymous_27)
FNDA:0,inputRef
DA:1,1
DA:2,1
DA:3,1
DA:6,1
DA:7,1
DA:8,1
DA:10,1
DA:18,1
DA:19,1
DA:22,1
DA:23,1
DA:24,3
DA:25,3
DA:29,3
DA:30,3
DA:31,3
DA:32,3
DA:34,1
DA:35,1
DA:36,1
DA:38,1
DA:39,0
DA:41,1
DA:42,0
DA:44,1
DA:45,0
DA:47,1
DA:48,0
DA:49,0
DA:52,1
DA:53,114
DA:55,114
DA:70,1
DA:71,4
DA:72,4
DA:73,144
DA:75,4
DA:76,4
DA:77,4
DA:78,32
DA:81,114
DA:88,4
DA:116,1
DA:131,1
DA:132,1
LF:45
LH:40
BRDA:24,16,0,3
BRDA:24,16,1,0
BRDA:48,17,0,0
BRDA:48,17,1,0
BRDA:56,18,0,3
BRDA:56,18,1,111
BRDA:62,19,0,3
BRDA:62,19,1,111
BRDA:73,20,0,144
BRDA:73,20,1,36
BRF:10
BRH:7
end_of_record
TN:
SF:/Users/apple/ven-3.6/lib/python3.6/site-packages/superset/static/assets/javascripts/explore/components/DisplayQueryButton.jsx
FN:29,DisplayQueryButton
FN:40,setStateFromQueryResponse
FN:48,fetchQuery
FN:53,success
FN:61,error
FN:69,beforeOpen
FN:79,renderModalBody
FN:108,render
FNF:8
FNH:5
FNDA:1,DisplayQueryButton
FNDA:1,setStateFromQueryResponse
FNDA:0,fetchQuery
FNDA:0,success
FNDA:0,error
FNDA:1,beforeOpen
FNDA:2,renderModalBody
FNDA:2,render
DA:1,1
DA:2,1
DA:3,1
DA:4,1
DA:5,1
DA:6,1
DA:7,1
DA:9,1
DA:10,1
DA:11,1
DA:13,1
DA:14,1
DA:16,1
DA:18,1
DA:24,1
DA:28,1
DA:29,1
DA:30,1
DA:31,1
DA:37,1
DA:38,1
DA:40,1
DA:41,1
DA:42,1
DA:48,1
DA:49,0
DA:50,0
DA:53,1
DA:54,0
DA:61,1
DA:62,0
DA:69,1
DA:71,1
DA:74,0
DA:76,1
DA:79,1
DA:80,2
DA:81,0
DA:86,2
DA:87,0
DA:88,2
DA:90,1
DA:106,1
DA:108,1
DA:110,2
DA:123,1
DA:124,1
LF:47
LH:40
BRDA:30,16,0,1
BRDA:30,16,1,0
BRDA:63,17,0,0
BRDA:63,17,1,0
BRDA:71,18,0,0
BRDA:71,18,1,1
BRDA:71,19,0,1
BRDA:71,19,1,1
BRDA:71,19,2,1
BRDA:80,20,0,0
BRDA:80,20,1,2
BRDA:86,21,0,0
BRDA:86,21,1,2
BRDA:88,22,0,1
BRDA:88,22,1,1
BRF:15
BRH:9
end_of_record
TN:
SF:/Users/apple/ven-3.6/lib/python3.6/site-packages/superset/static/assets/javascripts/explore/components/EmbedCodeButton.jsx
FN:12,EmbedCodeButton
FN:21,handleInputChange
FN:29,generateEmbedHTML
FN:48,renderPopover
FN:107,render
FNF:5
FNH:4
FNDA:2,EmbedCodeButton
FNDA:0,handleInputChange
FNDA:4,generateEmbedHTML
FNDA:3,renderPopover
FNDA:3,render
DA:1,1
DA:2,1
DA:3,1
DA:4,1
DA:5,1
DA:7,1
DA:11,1
DA:12,1
DA:13,2
DA:14,2
DA:18,2
DA:21,1
DA:22,0
DA:23,0
DA:24,0
DA:25,0
DA:26,0
DA:29,1
DA:30,4
DA:36,4
DA:48,1
DA:49,3
DA:51,3
DA:107,1
DA:109,3
DA:123,1
LF:26
LH:21
BRDA:13,16,0,2
BRDA:13,16,1,0
BRF:2
BRH:1
end_of_record
TN:
SF:/Users/apple/ven-3.6/lib/python3.6/site-packages/superset/static/assets/javascripts/explore/components/ExploreActionButtons.jsx
FN:17,ExploreActionButtons
FNF:1
FNH:1
FNDA:1,ExploreActionButtons
DA:1,1
DA:2,1
DA:3,1
DA:4,1
DA:5,1
DA:6,1
DA:7,1
DA:9,1
DA:17,1
DA:18,1
DA:19,1
DA:22,1
DA:24,1
DA:58,0
DA:62,1
LF:15
LH:14
BRDA:22,3,0,1
BRDA:22,3,1,0
BRF:2
BRH:1
end_of_record
TN:
SF:/Users/apple/ven-3.6/lib/python3.6/site-packages/superset/static/assets/javascripts/explore/components/URLShortLinkButton.jsx
FN:13,URLShortLinkButton
FN:20,onShortUrlSuccess
FN:26,getCopyUrl
FN:31,renderPopover
FN:47,render
FNF:5
FNH:3
FNDA:1,URLShortLinkButton
FNDA:0,onShortUrlSuccess
FNDA:0,getCopyUrl
FNDA:1,renderPopover
FNDA:1,render
DA:1,1
DA:2,1
DA:3,1
DA:4,1
DA:5,1
DA:6,1
DA:8,1
DA:12,1
DA:13,1
DA:14,1
DA:15,1
DA:20,1
DA:21,0
DA:26,1
DA:27,0
DA:28,0
DA:31,1
DA:32,1
DA:34,1
DA:47,1
DA:49,1
DA:64,1
LF:22
LH:19
BRDA:14,16,0,1
BRDA:14,16,1,0
BRF:2
BRH:1
end_of_record
TN:
SF:/Users/apple/ven-3.6/lib/python3.6/site-packages/superset/static/assets/javascripts/explore/components/QueryAndSaveBtns.jsx
FN:18,onStop
FN:19,onSave
FN:23,QueryAndSaveBtns
FNF:3
FNH:1
FNDA:0,onStop
FNDA:0,onSave
FNDA:3,QueryAndSaveBtns
DA:1,1
DA:2,1
DA:3,1
DA:4,1
DA:6,1
DA:8,1
DA:17,1
DA:18,1
DA:19,1
DA:23,1
DA:24,3
DA:25,3
DA:28,3
DA:29,3
DA:30,3
DA:49,3
DA:80,1
DA:81,1
LF:18
LH:18
BRDA:28,3,0,0
BRDA:28,3,1,3
BRDA:29,4,0,0
BRDA:29,4,1,3
BRDA:31,5,0,0
BRDA:31,5,1,3
BRDA:63,6,0,3
BRDA:63,6,1,0
BRF:8
BRH:4
end_of_record
TN:
SF:/Users/apple/ven-3.6/lib/python3.6/site-packages/superset/static/assets/javascripts/SqlLab/components/RunQueryActionButton.jsx
FN:18,RunQueryActionButton
FNF:1
FNH:1
FNDA:8,RunQueryActionButton
DA:1,1
DA:2,1
DA:3,1
DA:4,1
DA:6,1
DA:14,1
DA:18,1
DA:19,8
DA:20,8
DA:21,8
DA:23,8
DA:29,8
DA:32,0
DA:40,8
DA:43,0
DA:51,8
DA:60,8
DA:61,8
DA:62,2
DA:63,6
DA:64,0
DA:66,6
DA:70,8
DA:76,1
DA:77,1
LF:25
LH:22
BRDA:19,5,0,0
BRDA:19,5,1,8
BRDA:20,6,0,0
BRDA:20,6,1,8
BRDA:61,7,0,2
BRDA:61,7,1,6
BRDA:63,8,0,0
BRDA:63,8,1,6
BRF:8
BRH:5
end_of_record
TN:
SF:/Users/apple/ven-3.6/lib/python3.6/site-packages/superset/static/assets/javascripts/explore/actions/saveModalActions.js
FN:4,fetchDashboardsSucceeded
FN:9,fetchDashboardsFailed
FN:13,fetchDashboards
FN:14,(anonymous_4)
FN:19,success
FN:26,error
FN:34,saveSliceFailed
FN:38,saveSliceSuccess
FN:43,removeSaveModalAlert
FN:47,saveSlice
FN:48,(anonymous_13)
FN:49,(anonymous_14)
FNF:12
FNH:7
FNDA:1,fetchDashboardsSucceeded
FNDA:1,fetchDashboardsFailed
FNDA:5,fetchDashboards
FNDA:4,(anonymous_4)
FNDA:1,success
FNDA:1,error
FNDA:0,saveSliceFailed
FNDA:0,saveSliceSuccess
FNDA:6,removeSaveModalAlert
FNDA:0,saveSlice
FNDA:0,(anonymous_13)
FNDA:0,(anonymous_14)
DA:1,1
DA:3,1
DA:4,1
DA:5,1
DA:8,1
DA:9,1
DA:10,1
DA:13,1
DA:14,5
DA:15,4
DA:16,4
DA:19,1
DA:20,1
DA:21,1
DA:22,1
DA:24,1
DA:26,1
DA:27,1
DA:33,1
DA:34,1
DA:35,0
DA:37,1
DA:38,1
DA:39,0
DA:42,1
DA:43,1
DA:44,6
DA:47,1
DA:48,0
DA:49,0
DA:50,0
DA:51,0
DA:53,0
LF:33
LH:26
BRDA:50,1,0,0
BRDA:50,1,1,0
BRF:2
BRH:0
end_of_record
TN:
SF:/Users/apple/ven-3.6/lib/python3.6/site-packages/superset/static/assets/javascripts/explore/components/SaveModal.jsx
FN:1,_inherits
FN:24,SaveModal
FN:36,componentDidMount
FN:39,onChange
FN:55,changeAction
FN:58,changeDash
FN:61,saveOrOverwrite
FN:109,(anonymous_20)
FN:119,removeAlert
FN:125,render
FN:241,mapStateToProps
FN:253,(anonymous_26)
FNF:12
FNH:12
FNDA:1,_inherits
FNDA:11,SaveModal
FNDA:1,componentDidMount
FNDA:3,onChange
FNDA:1,changeAction
FNDA:1,changeDash
FNDA:5,saveOrOverwrite
FNDA:3,(anonymous_20)
FNDA:1,removeAlert
FNDA:32,render
FNDA:11,mapStateToProps
FNDA:11,(anonymous_26)
DA:1,1
DA:2,1
DA:3,1
DA:4,1
DA:6,1
DA:7,1
DA:8,1
DA:9,1
DA:11,1
DA:23,1
DA:24,1
DA:25,11
DA:26,11
DA:36,1
DA:37,1
DA:39,1
DA:40,3
DA:42,1
DA:45,1
DA:46,1
DA:49,1
DA:55,1
DA:56,1
DA:58,1
DA:59,1
DA:61,1
DA:62,5
DA:63,5
DA:64,5
DA:66,5
DA:67,5
DA:68,5
DA:69,5
DA:71,5
DA:72,0
DA:73,0
DA:74,0
DA:77,0
DA:79,5
DA:82,5
DA:83,5
DA:84,5
DA:85,5
DA:87,2
DA:88,2
DA:89,1
DA:92,1
DA:95,2
DA:96,2
DA:97,1
DA:100,1
DA:103,1
DA:105,3
DA:107,3
DA:108,3
DA:111,3
DA:112,3
DA:114,0
DA:117,3
DA:119,1
DA:120,1
DA:121,1
DA:123,1
DA:125,1
DA:127,32
DA:239,1
DA:241,11
DA:242,11
DA:252,1
DA:253,11
LF:70
LH:65
BRDA:1,11,0,0
BRDA:1,11,1,1
BRDA:1,12,0,1
BRDA:1,12,1,0
BRDA:1,13,0,1
BRDA:1,13,1,1
BRDA:1,14,0,1
BRDA:1,14,1,0
BRDA:1,15,0,1
BRDA:1,15,1,0
BRDA:25,16,0,11
BRDA:25,16,1,0
BRDA:32,17,0,11
BRDA:32,17,1,0
BRDA:41,18,0,1
BRDA:41,18,1,1
BRDA:41,18,2,1
BRDA:41,18,3,0
BRDA:68,19,0,5
BRDA:68,19,1,0
BRDA:68,20,0,5
BRDA:68,20,1,5
BRDA:71,21,0,0
BRDA:71,21,1,5
BRDA:73,22,0,0
BRDA:73,22,1,0
BRDA:86,23,0,2
BRDA:86,23,1,2
BRDA:86,23,2,1
BRDA:88,24,0,1
BRDA:88,24,1,1
BRDA:96,25,0,1
BRDA:96,25,1,1
BRDA:111,26,0,3
BRDA:111,26,1,0
BRDA:120,27,0,1
BRDA:120,27,1,0
BRDA:138,28,0,32
BRDA:138,28,1,28
BRDA:138,28,2,6
BRDA:140,29,0,4
BRDA:140,29,1,2
BRDA:148,30,0,32
BRDA:148,30,1,31
BRF:44
BRH:32
end_of_record
TN:
SF:/Users/apple/ven-3.6/lib/python3.6/site-packages/superset/static/assets/javascripts/explore/reducers/exploreReducer.js
FN:1,_defineProperty
FN:5,exploreReducer
FN:7,(anonymous_4)
FN:10,(anonymous_5)
FN:13,(anonymous_6)
FN:16,(anonymous_7)
FN:24,(anonymous_8)
FN:27,(anonymous_9)
FN:30,(anonymous_10)
FN:33,(anonymous_11)
FN:41,(anonymous_12)
FN:44,(anonymous_13)
FN:47,(anonymous_14)
FN:59,(anonymous_15)
FN:64,(anonymous_16)
FN:68,(anonymous_17)
FN:72,(anonymous_18)
FN:75,(anonymous_19)
FNF:18
FNH:3
FNDA:32,_defineProperty
FNDA:2,exploreReducer
FNDA:0,(anonymous_4)
FNDA:0,(anonymous_5)
FNDA:0,(anonymous_6)
FNDA:0,(anonymous_7)
FNDA:0,(anonymous_8)
FNDA:0,(anonymous_9)
FNDA:0,(anonymous_10)
FNDA:0,(anonymous_11)
FNDA:0,(anonymous_12)
FNDA:0,(anonymous_13)
FNDA:2,(anonymous_14)
FNDA:0,(anonymous_15)
FNDA:0,(anonymous_16)
FNDA:0,(anonymous_17)
FNDA:0,(anonymous_18)
FNDA:0,(anonymous_19)
DA:1,32
DA:2,1
DA:3,1
DA:5,2
DA:6,2
DA:8,0
DA:11,0
DA:14,0
DA:18,0
DA:25,0
DA:28,0
DA:31,0
DA:35,0
DA:42,0
DA:45,0
DA:48,2
DA:49,2
DA:50,2
DA:51,2
DA:52,2
DA:53,2
DA:54,2
DA:55,2
DA:57,2
DA:60,0
DA:65,0
DA:66,0
DA:69,0
DA:70,0
DA:73,0
DA:76,0
DA:85,2
DA:86,2
DA:88,0
LF:34
LH:16
BRDA:1,5,0,0
BRDA:1,5,1,32
BRDA:5,6,0,2
BRDA:5,6,1,0
BRDA:5,7,0,2
BRDA:5,7,1,2
BRDA:54,8,0,2
BRDA:54,8,1,0
BRDA:85,9,0,2
BRDA:85,9,1,0
BRF:10
BRH:6
end_of_record
TN:
SF:/Users/apple/ven-3.6/lib/python3.6/site-packages/superset/static/assets/javascripts/profile/components/App.jsx
FN:15,App
FNF:1
FNH:1
FNDA:2,App
DA:1,1
DA:2,1
DA:3,1
DA:4,1
DA:5,1
DA:6,1
DA:7,1
DA:8,1
DA:9,1
DA:11,1
DA:15,1
DA:17,2
DA:53,1
LF:13
LH:13
BRF:0
BRH:0
end_of_record
TN:
SF:/Users/apple/ven-3.6/lib/python3.6/site-packages/superset/static/assets/javascripts/profile/components/Favorites.jsx
FN:12,Favorites
FN:21,renderSliceTable
FN:22,mutator
FN:22,(anonymous_14)
FN:39,renderDashboardTable
FN:40,mutator
FN:40,(anonymous_19)
FN:56,render
FNF:8
FNH:4
FNDA:4,Favorites
FNDA:4,renderSliceTable
FNDA:0,mutator
FNDA:0,(anonymous_14)
FNDA:4,renderDashboardTable
FNDA:0,mutator
FNDA:0,(anonymous_19)
FNDA:4,render
DA:1,1
DA:2,1
DA:3,1
DA:4,1
DA:5,1
DA:7,1
DA:11,1
DA:12,1
DA:13,4
DA:14,4
DA:21,1
DA:22,4
DA:29,4
DA:39,1
DA:40,4
DA:46,4
DA:56,1
DA:58,4
DA:68,1
LF:19
LH:19
BRDA:13,16,0,4
BRDA:13,16,1,0
BRF:2
BRH:1
end_of_record
TN:
SF:/Users/apple/ven-3.6/lib/python3.6/site-packages/superset/static/assets/javascripts/profile/components/TableLoader.jsx
FN:14,TableLoader
FN:21,componentWillMount
FN:22,(anonymous_12)
FN:30,render
FN:34,(anonymous_15)
FN:46,(anonymous_16)
FN:48,(anonymous_17)
FNF:7
FNH:3
FNDA:19,TableLoader
FNDA:19,componentWillMount
FNDA:0,(anonymous_12)
FNDA:19,render
FNDA:0,(anonymous_15)
FNDA:0,(anonymous_16)
FNDA:0,(anonymous_17)
DA:1,1
DA:2,1
DA:3,1
DA:4,1
DA:5,1
DA:7,1
DA:13,1
DA:14,1
DA:15,19
DA:16,19
DA:21,1
DA:22,19
DA:23,0
DA:24,0
DA:25,0
DA:27,0
DA:30,1
DA:31,19
DA:32,19
DA:33,19
DA:34,0
DA:36,19
DA:37,19
DA:38,19
DA:39,19
DA:40,19
DA:43,0
DA:47,0
DA:49,0
DA:51,0
DA:55,0
DA:65,1
LF:32
LH:22
BRDA:15,16,0,19
BRDA:15,16,1,0
BRDA:24,17,0,0
BRDA:24,17,1,0
BRDA:33,18,0,0
BRDA:33,18,1,19
BRDA:33,19,0,19
BRDA:33,19,1,3
BRDA:39,20,0,19
BRDA:39,20,1,0
BRDA:49,21,0,0
BRDA:49,21,1,0
BRF:12
BRH:5
end_of_record
TN:
SF:/Users/apple/ven-3.6/lib/python3.6/site-packages/superset/static/assets/javascripts/profile/components/UserInfo.jsx
FN:11,UserInfo
FNF:1
FNH:1
FNDA:7,UserInfo
DA:1,1
DA:2,1
DA:3,1
DA:4,1
DA:5,1
DA:6,1
DA:8,1
DA:11,7
DA:12,7
DA:49,1
DA:50,1
LF:11
LH:11
BRF:0
BRH:0
end_of_record
TN:
SF:/Users/apple/ven-3.6/lib/python3.6/site-packages/superset/static/assets/javascripts/profile/components/Security.jsx
FN:9,Security
FN:16,(anonymous_3)
FN:25,(anonymous_4)
FN:36,(anonymous_5)
FNF:4
FNH:4
FNDA:8,Security
FNDA:16,(anonymous_3)
FNDA:21,(anonymous_4)
FNDA:14,(anonymous_5)
DA:1,1
DA:2,1
DA:3,1
DA:4,1
DA:6,1
DA:9,8
DA:11,8
DA:16,16
DA:25,21
DA:36,14
DA:43,1
LF:11
LH:11
BRDA:20,3,0,8
BRDA:20,3,1,7
BRDA:31,4,0,8
BRDA:31,4,1,7
BRF:4
BRH:4
end_of_record
TN:
SF:/Users/apple/ven-3.6/lib/python3.6/site-packages/superset/static/assets/javascripts/profile/components/RecentActivity.jsx
FN:12,render
FN:13,mutator
FN:14,(anonymous_14)
FNF:3
FNH:1
FNDA:3,render
FNDA:0,mutator
FNDA:0,(anonymous_14)
DA:1,1
DA:2,1
DA:3,1
DA:5,1
DA:7,1
DA:11,1
DA:12,1
DA:13,3
DA:14,0
DA:22,3
DA:33,1
LF:11
LH:10
BRF:0
BRH:0
end_of_record
TN:
SF:/Users/apple/ven-3.6/lib/python3.6/site-packages/superset/static/assets/javascripts/profile/components/CreatedContent.jsx
FN:12,CreatedContent
FN:21,renderSliceTable
FN:22,mutator
FN:22,(anonymous_14)
FN:38,renderDashboardTable
FN:39,mutator
FN:39,(anonymous_19)
FN:55,render
FNF:8
FNH:4
FNDA:4,CreatedContent
FNDA:4,renderSliceTable
FNDA:0,mutator
FNDA:0,(anonymous_14)
FNDA:4,renderDashboardTable
FNDA:0,mutator
FNDA:0,(anonymous_19)
FNDA:4,render
DA:1,1
DA:2,1
DA:3,1
DA:4,1
DA:5,1
DA:7,1
DA:11,1
DA:12,1
DA:13,4
DA:14,4
DA:21,1
DA:22,4
DA:28,4
DA:38,1
DA:39,4
DA:45,4
DA:55,1
DA:57,4
DA:67,1
DA:69,1
LF:20
LH:20
BRDA:13,16,0,4
BRDA:13,16,1,0
BRF:2
BRH:1
end_of_record
TN:
SF:/Users/apple/ven-3.6/lib/python3.6/site-packages/superset/static/assets/javascripts/SqlLab/actions.js
FN:47,resetState
FN:51,saveQuery
FN:64,startQuery
FN:75,querySuccess
FN:79,queryFailed
FN:83,stopQuery
FN:87,clearQueryResults
FN:91,removeDataPreview
FN:95,requestQueryResults
FN:99,fetchQueryResults
FN:100,(anonymous_16)
FN:107,success
FN:110,error
FN:121,runQuery
FN:122,(anonymous_22)
FN:142,success
FN:147,error
FN:170,postStopQuery
FN:171,(anonymous_28)
FN:180,success
FN:183,error
FN:190,setDatabases
FN:194,addQueryEditor
FN:199,cloneQueryToNewTab
FN:203,addAlert
FN:209,removeAlert
FN:213,setActiveQueryEditor
FN:217,setActiveSouthPaneTab
FN:221,removeQueryEditor
FN:225,removeQuery
FN:229,queryEditorSetDb
FN:233,queryEditorSetSchema
FN:237,queryEditorSetAutorun
FN:241,queryEditorSetTitle
FN:245,queryEditorSetSql
FN:249,queryEditorSetSelectedText
FN:253,mergeTable
FN:257,addTable
FN:258,(anonymous_50)
FN:272,(anonymous_51)
FN:292,(anonymous_52)
FN:301,(anonymous_53)
FN:305,(anonymous_54)
FN:315,changeDataPreviewId
FN:319,reFetchQueryResults
FN:320,(anonymous_57)
FN:336,expandTable
FN:340,collapseTable
FN:344,removeTable
FN:348,refreshQueries
FN:352,persistEditorHeight
FN:356,popStoredQuery
FN:357,(anonymous_64)
FN:361,success
FN:376,popSavedQuery
FN:377,(anonymous_70)
FN:381,success
FN:397,createDatasourceStarted
FN:400,createDatasourceSuccess
FN:405,createDatasourceFailed
FN:409,createDatasource
FN:410,(anonymous_79)
FN:422,success
FN:425,error
FNF:64
FNH:41
FNDA:0,resetState
FNDA:2,saveQuery
FNDA:7,startQuery
FNDA:2,querySuccess
FNDA:2,queryFailed
FNDA:5,stopQuery
FNDA:0,clearQueryResults
FNDA:0,removeDataPreview
FNDA:5,requestQueryResults
FNDA:5,fetchQueryResults
FNDA:5,(anonymous_16)
FNDA:1,success
FNDA:1,error
FNDA:4,runQuery
FNDA:4,(anonymous_22)
FNDA:1,success
FNDA:1,error
FNDA:4,postStopQuery
FNDA:4,(anonymous_28)
FNDA:0,success
FNDA:0,error
FNDA:0,setDatabases
FNDA:16,addQueryEditor
FNDA:4,cloneQueryToNewTab
FNDA:1,addAlert
FNDA:1,removeAlert
FNDA:1,setActiveQueryEditor
FNDA:0,setActiveSouthPaneTab
FNDA:1,removeQueryEditor
FNDA:1,removeQuery
FNDA:1,queryEditorSetDb
FNDA:1,queryEditorSetSchema
FNDA:2,queryEditorSetAutorun
FNDA:1,queryEditorSetTitle
FNDA:1,queryEditorSetSql
FNDA:4,queryEditorSetSelectedText
FNDA:5,mergeTable
FNDA:0,addTable
FNDA:0,(anonymous_50)
FNDA:0,(anonymous_51)
FNDA:0,(anonymous_52)
FNDA:0,(anonymous_53)
FNDA:0,(anonymous_54)
FNDA:0,changeDataPreviewId
FNDA:0,reFetchQueryResults
FNDA:0,(anonymous_57)
FNDA:1,expandTable
FNDA:1,collapseTable
FNDA:1,removeTable
FNDA:1,refreshQueries
FNDA:0,persistEditorHeight
FNDA:1,popStoredQuery
FNDA:1,(anonymous_64)
FNDA:0,success
FNDA:1,popSavedQuery
FNDA:1,(anonymous_70)
FNDA:0,success
FNDA:1,createDatasourceStarted
FNDA:0,createDatasourceSuccess
FNDA:0,createDatasourceFailed
FNDA:1,createDatasource
FNDA:1,(anonymous_79)
FNDA:0,success
FNDA:0,error
DA:2,1
DA:3,1
DA:4,1
DA:6,1
DA:8,1
DA:9,1
DA:10,1
DA:11,1
DA:12,1
DA:13,1
DA:14,1
DA:15,1
DA:16,1
DA:17,1
DA:18,1
DA:19,1
DA:20,1
DA:21,1
DA:22,1
DA:23,1
DA:24,1
DA:26,1
DA:27,1
DA:28,1
DA:29,1
DA:30,1
DA:31,1
DA:32,1
DA:33,1
DA:34,1
DA:35,1
DA:36,1
DA:37,1
DA:38,1
DA:39,1
DA:40,1
DA:41,1
DA:43,1
DA:44,1
DA:45,1
DA:47,1
DA:48,0
DA:51,1
DA:52,2
DA:53,2
DA:57,0
DA:58,0
DA:61,2
DA:64,1
DA:65,7
DA:72,7
DA:75,1
DA:76,2
DA:79,1
DA:80,2
DA:83,1
DA:84,5
DA:87,1
DA:88,0
DA:91,1
DA:92,0
DA:95,1
DA:96,5
DA:99,1
DA:100,5
DA:101,5
DA:102,5
DA:103,5
DA:107,1
DA:108,1
DA:110,1
DA:111,1
DA:112,1
DA:113,1
DA:115,1
DA:121,1
DA:122,4
DA:123,4
DA:124,4
DA:136,4
DA:137,4
DA:142,1
DA:143,1
DA:144,1
DA:147,1
DA:148,1
DA:149,1
DA:150,1
DA:152,0
DA:153,0
DA:156,1
DA:157,0
DA:158,1
DA:159,0
DA:161,1
DA:162,0
DA:164,1
DA:170,1
DA:171,4
DA:172,4
DA:173,4
DA:174,4
DA:175,4
DA:180,1
DA:181,0
DA:183,1
DA:184,0
DA:190,1
DA:191,0
DA:194,1
DA:195,16
DA:196,16
DA:199,1
DA:200,4
DA:203,1
DA:204,1
DA:205,1
DA:206,1
DA:209,1
DA:210,1
DA:213,1
DA:214,1
DA:217,1
DA:218,0
DA:221,1
DA:222,1
DA:225,1
DA:226,1
DA:229,1
DA:230,1
DA:233,1
DA:234,1
DA:237,1
DA:238,2
DA:241,1
DA:242,1
DA:245,1
DA:246,1
DA:249,1
DA:250,4
DA:253,1
DA:254,5
DA:257,1
DA:258,0
DA:259,0
DA:265,0
DA:271,0
DA:272,0
DA:273,0
DA:284,0
DA:288,0
DA:290,0
DA:293,0
DA:296,0
DA:297,0
DA:300,0
DA:301,0
DA:302,0
DA:303,0
DA:306,0
DA:309,0
DA:310,0
DA:315,1
DA:316,0
DA:319,1
DA:320,0
DA:321,0
DA:331,0
DA:332,0
DA:336,1
DA:337,1
DA:340,1
DA:341,1
DA:344,1
DA:345,1
DA:348,1
DA:349,1
DA:352,1
DA:353,0
DA:356,1
DA:357,1
DA:358,1
DA:361,1
DA:362,0
DA:363,0
DA:370,0
DA:372,0
DA:376,1
DA:377,1
DA:378,1
DA:381,1
DA:382,0
DA:383,0
DA:390,0
DA:392,0
DA:397,1
DA:398,1
DA:400,1
DA:401,0
DA:402,0
DA:403,0
DA:405,1
DA:406,0
DA:409,1
DA:410,1
DA:411,1
DA:413,1
DA:422,1
DA:423,0
DA:425,1
DA:426,0
LF:211
LH:158
BRDA:66,3,0,3
BRDA:66,3,1,4
BRDA:69,4,0,0
BRDA:69,4,1,7
BRDA:112,5,0,1
BRDA:112,5,1,0
BRDA:112,6,0,1
BRDA:112,6,1,1
BRDA:143,7,0,1
BRDA:143,7,1,0
BRDA:152,8,0,0
BRDA:152,8,1,0
BRDA:156,9,0,0
BRDA:156,9,1,1
BRDA:156,10,0,1
BRDA:156,10,1,0
BRDA:158,11,0,0
BRDA:158,11,1,1
BRDA:161,12,0,0
BRDA:161,12,1,1
BRDA:364,13,0,0
BRDA:364,13,1,0
BRDA:365,14,0,0
BRDA:365,14,1,0
BRDA:366,15,0,0
BRDA:366,15,1,0
BRDA:367,16,0,0
BRDA:367,16,1,0
BRDA:368,17,0,0
BRDA:368,17,1,0
BRDA:385,18,0,0
BRDA:385,18,1,0
BRF:32
BRH:11
end_of_record
TN:
SF:/Users/apple/ven-3.6/lib/python3.6/site-packages/superset/static/assets/javascripts/components/AlertsWrapper.jsx
FN:1,_inherits
FN:14,componentDidMount
FN:15,(anonymous_12)
FN:23,render
FN:26,ref
FNF:5
FNH:2
FNDA:1,_inherits
FNDA:0,componentDidMount
FNDA:0,(anonymous_12)
FNDA:3,render
FNDA:0,ref
DA:1,1
DA:2,1
DA:3,1
DA:4,1
DA:6,1
DA:9,1
DA:13,1
DA:14,1
DA:15,0
DA:16,0
DA:17,0
DA:19,0
DA:23,1
DA:25,3
DA:26,1
DA:27,0
DA:37,1
DA:38,1
LF:18
LH:13
BRDA:1,11,0,0
BRDA:1,11,1,1
BRDA:1,12,0,1
BRDA:1,12,1,0
BRDA:1,13,0,1
BRDA:1,13,1,1
BRDA:1,14,0,1
BRDA:1,14,1,0
BRDA:1,15,0,1
BRDA:1,15,1,0
BRDA:16,17,0,0
BRDA:16,17,1,0
BRF:12
BRH:6
end_of_record
TN:
SF:/Users/apple/ven-3.6/lib/python3.6/site-packages/superset/static/assets/javascripts/SqlLab/components/App.jsx
FN:15,App
FN:22,componentDidMount
FN:28,componentWillUnmount
FN:32,onHashChanged
FN:35,getHeight
FN:48,handleResize
FN:51,render
FN:88,mapStateToProps
FN:94,mapDispatchToProps
FNF:9
FNH:6
FNDA:3,App
FNDA:0,componentDidMount
FNDA:0,componentWillUnmount
FNDA:0,onHashChanged
FNDA:1,getHeight
FNDA:1,handleResize
FNDA:4,render
FNDA:3,mapStateToProps
FNDA:3,mapDispatchToProps
DA:1,1
DA:2,1
DA:3,1
DA:4,1
DA:6,1
DA:7,1
DA:8,1
DA:9,1
DA:10,1
DA:12,1
DA:14,1
DA:15,1
DA:16,3
DA:17,3
DA:22,1
DA:24,0
DA:25,0
DA:26,0
DA:28,1
DA:29,0
DA:30,0
DA:32,1
DA:33,0
DA:35,1
DA:36,1
DA:37,1
DA:38,1
DA:39,1
DA:40,1
DA:41,1
DA:42,1
DA:43,1
DA:44,1
DA:45,1
DA:46,1
DA:48,1
DA:49,1
DA:51,1
DA:52,4
DA:53,4
DA:55,0
DA:65,4
DA:72,4
DA:82,1
DA:88,1
DA:89,3
DA:94,1
DA:95,3
DA:100,1
DA:101,1
LF:50
LH:43
BRDA:16,20,0,3
BRDA:16,20,1,0
BRDA:43,21,0,0
BRDA:43,21,1,1
BRDA:44,22,0,0
BRDA:44,22,1,1
BRDA:45,23,0,0
BRDA:45,23,1,1
BRDA:53,24,0,0
BRDA:53,24,1,4
BRF:10
BRH:5
end_of_record
TN:
SF:/Users/apple/ven-3.6/lib/python3.6/site-packages/superset/static/assets/javascripts/SqlLab/components/TabbedSqlEditors.jsx
FN:31,TabbedSqlEditors
FN:41,componentDidMount
FN:56,(anonymous_13)
FN:75,componentWillReceiveProps
FN:88,(anonymous_16)
FN:98,popNewTab
FN:103,renameTab
FN:110,activeQueryEditor
FN:120,newQueryEditor
FN:134,handleSelect
FN:141,removeQueryEditor
FN:144,toggleLeftBar
FN:147,render
FN:148,(anonymous_33)
FN:197,(anonymous_34)
FN:233,mapStateToProps
FN:243,mapDispatchToProps
FNF:17
FNH:15
FNDA:9,TabbedSqlEditors
FNDA:3,componentDidMount
FNDA:0,(anonymous_13)
FNDA:1,componentWillReceiveProps
FNDA:1,(anonymous_16)
FNDA:3,popNewTab
FNDA:1,renameTab
FNDA:13,activeQueryEditor
FNDA:2,newQueryEditor
FNDA:2,handleSelect
FNDA:1,removeQueryEditor
FNDA:0,toggleLeftBar
FNDA:11,render
FNDA:11,(anonymous_33)
FNDA:1,(anonymous_34)
FNDA:9,mapStateToProps
FNDA:9,mapDispatchToProps
DA:1,1
DA:2,1
DA:3,1
DA:4,1
DA:5,1
DA:6,1
DA:8,1
DA:9,1
DA:10,1
DA:11,1
DA:12,1
DA:14,1
DA:24,1
DA:28,1
DA:30,1
DA:31,1
DA:32,9
DA:33,9
DA:34,9
DA:41,1
DA:42,3
DA:43,3
DA:44,3
DA:45,1
DA:46,2
DA:47,1
DA:48,1
DA:49,1
DA:50,1
DA:51,1
DA:53,0
DA:54,0
DA:55,0
DA:56,0
DA:57,0
DA:58,0
DA:63,1
DA:70,1
DA:72,3
DA:75,1
DA:76,1
DA:77,1
DA:78,1
DA:79,1
DA:80,1
DA:83,1
DA:84,1
DA:87,1
DA:88,1
DA:89,1
DA:90,1
DA:91,1
DA:94,1
DA:95,1
DA:98,1
DA:101,3
DA:103,1
DA:105,1
DA:106,1
DA:107,1
DA:110,1
DA:111,13
DA:112,13
DA:113,13
DA:114,13
DA:115,13
DA:118,0
DA:120,1
DA:122,2
DA:123,2
DA:132,2
DA:134,1
DA:135,2
DA:136,1
DA:138,1
DA:141,1
DA:142,1
DA:144,1
DA:145,0
DA:147,1
DA:148,11
DA:149,11
DA:151,11
DA:152,11
DA:153,1
DA:155,11
DA:156,11
DA:157,1
DA:159,11
DA:161,11
DA:187,11
DA:197,1
DA:212,11
DA:230,1
DA:231,1
DA:233,1
DA:234,9
DA:243,1
DA:244,9
DA:249,1
DA:250,1
LF:101
LH:93
BRDA:32,20,0,9
BRDA:32,20,1,0
BRDA:43,21,0,3
BRDA:43,21,1,0
BRDA:43,22,0,3
BRDA:43,22,1,2
BRDA:43,22,2,1
BRDA:44,23,0,1
BRDA:44,23,1,2
BRDA:46,24,0,1
BRDA:46,24,1,1
BRDA:48,25,0,1
BRDA:48,25,1,0
BRDA:50,26,0,1
BRDA:50,26,1,0
BRDA:55,27,0,0
BRDA:55,27,1,0
BRDA:57,28,0,0
BRDA:57,28,1,0
BRDA:79,29,0,1
BRDA:79,29,1,0
BRDA:83,30,0,1
BRDA:83,30,1,0
BRDA:90,31,0,1
BRDA:90,31,1,0
BRDA:90,32,0,1
BRDA:90,32,1,1
BRDA:90,32,2,1
BRDA:94,33,0,1
BRDA:94,33,1,0
BRDA:106,34,0,1
BRDA:106,34,1,0
BRDA:114,35,0,13
BRDA:114,35,1,0
BRDA:126,36,0,0
BRDA:126,36,1,2
BRDA:125,37,0,2
BRDA:125,37,1,2
BRDA:128,38,0,2
BRDA:128,38,1,0
BRDA:135,39,0,1
BRDA:135,39,1,1
BRDA:152,40,0,1
BRDA:152,40,1,10
BRDA:156,41,0,1
BRDA:156,41,1,10
BRDA:159,42,0,1
BRDA:159,42,1,10
BRDA:176,43,0,11
BRDA:176,43,1,11
BRDA:181,44,0,1
BRDA:181,44,1,10
BRDA:195,45,0,11
BRDA:195,45,1,11
BRF:54
BRH:38
end_of_record
TN:
SF:/Users/apple/ven-3.6/lib/python3.6/site-packages/superset/static/assets/javascripts/SqlLab/components/SqlEditor.jsx
FN:47,SqlEditor
FN:54,componentWillMount
FN:61,componentDidMount
FN:64,onResize
FN:76,setQueryEditorSql
FN:79,runQuery
FN:89,startQuery
FN:104,stopQuery
FN:107,createTableAs
FN:110,ctasChanged
FN:113,sqlEditorHeight
FN:120,renderEditorBottomBar
FN:200,render
FNF:13
FNH:7
FNDA:4,SqlEditor
FNDA:4,componentWillMount
FNDA:3,componentDidMount
FNDA:3,onResize
FNDA:0,setQueryEditorSql
FNDA:0,runQuery
FNDA:0,startQuery
FNDA:0,stopQuery
FNDA:0,createTableAs
FNDA:0,ctasChanged
FNDA:10,sqlEditorHeight
FNDA:7,renderEditorBottomBar
FNDA:7,render
DA:1,1
DA:2,1
DA:3,1
DA:15,1
DA:17,1
DA:18,1
DA:19,1
DA:20,1
DA:21,1
DA:22,1
DA:23,1
DA:24,1
DA:25,1
DA:27,1
DA:39,1
DA:46,1
DA:47,1
DA:48,4
DA:49,4
DA:54,1
DA:55,4
DA:56,0
DA:57,0
DA:58,0
DA:61,1
DA:62,3
DA:64,1
DA:65,3
DA:66,3
DA:72,3
DA:73,0
DA:76,1
DA:77,0
DA:79,1
DA:80,0
DA:83,0
DA:84,0
DA:85,0
DA:87,0
DA:89,1
DA:90,0
DA:91,0
DA:101,0
DA:102,0
DA:104,1
DA:105,0
DA:107,1
DA:108,0
DA:110,1
DA:111,0
DA:113,1
DA:115,10
DA:116,10
DA:117,10
DA:118,10
DA:120,1
DA:121,7
DA:122,7
DA:123,0
DA:125,0
DA:148,7
DA:149,7
DA:150,7
DA:151,0
DA:159,0
DA:165,7
DA:200,1
DA:201,7
DA:202,7
DA:204,7
DA:271,1
DA:272,1
DA:274,1
LF:73
LH:52
BRDA:48,16,0,4
BRDA:48,16,1,0
BRDA:55,17,0,0
BRDA:55,17,1,4
BRDA:72,18,0,0
BRDA:72,18,1,3
BRDA:79,19,0,0
BRDA:79,19,1,0
BRDA:79,20,0,0
BRDA:79,20,1,0
BRDA:80,21,0,0
BRDA:80,21,1,0
BRDA:84,22,0,0
BRDA:84,22,1,0
BRDA:89,23,0,0
BRDA:89,23,1,0
BRDA:89,24,0,0
BRDA:89,24,1,0
BRDA:89,25,0,0
BRDA:89,25,1,0
BRDA:89,26,0,0
BRDA:89,26,1,0
BRDA:93,27,0,0
BRDA:93,27,1,0
BRDA:97,28,0,0
BRDA:97,28,1,0
BRDA:122,29,0,0
BRDA:122,29,1,7
BRDA:122,30,0,7
BRDA:122,30,1,1
BRDA:150,31,0,0
BRDA:150,31,1,7
BRDA:150,32,0,7
BRDA:150,32,1,1
BRDA:169,33,0,1
BRDA:169,33,1,6
BRDA:171,34,0,7
BRDA:171,34,1,1
BRDA:188,35,0,7
BRDA:188,35,1,1
BRDA:202,36,0,7
BRDA:202,36,1,7
BRDA:230,37,0,0
BRDA:230,37,1,7
BRDA:231,38,0,0
BRDA:231,38,1,7
BRDA:232,39,0,0
BRDA:232,39,1,7
BRDA:233,40,0,0
BRDA:233,40,1,7
BRDA:251,41,0,7
BRDA:251,41,1,7
BRF:52
BRH:23
end_of_record
TN:
SF:/Users/apple/ven-3.6/lib/python3.6/site-packages/superset/static/assets/javascripts/SqlLab/components/SouthPane.jsx
FN:30,switchTab
FN:33,render
FN:55,(anonymous_15)
FN:101,mapStateToProps
FN:107,mapDispatchToProps
FNF:5
FNH:3
FNDA:0,switchTab
FNDA:6,render
FNDA:0,(anonymous_15)
FNDA:3,mapStateToProps
FNDA:3,mapDispatchToProps
DA:1,1
DA:2,1
DA:3,1
DA:4,1
DA:5,1
DA:6,1
DA:8,1
DA:9,1
DA:10,1
DA:11,1
DA:17,1
DA:25,1
DA:29,1
DA:30,1
DA:31,0
DA:33,1
DA:34,6
DA:35,6
DA:36,6
DA:37,6
DA:38,0
DA:40,6
DA:41,6
DA:43,0
DA:52,6
DA:55,6
DA:56,0
DA:73,6
DA:101,1
DA:102,3
DA:107,1
DA:108,3
DA:113,1
DA:114,1
DA:116,1
LF:35
LH:31
BRDA:37,21,0,0
BRDA:37,21,1,6
BRDA:41,22,0,0
BRDA:41,22,1,6
BRF:4
BRH:2
end_of_record
TN:
SF:/Users/apple/ven-3.6/lib/python3.6/site-packages/superset/static/assets/javascripts/SqlLab/components/QueryHistory.jsx
FN:13,QueryHistory
FNF:1
FNH:1
FNDA:6,QueryHistory
DA:1,1
DA:2,1
DA:3,1
DA:5,1
DA:6,1
DA:8,1
DA:13,1
DA:14,6
DA:16,0
DA:27,6
DA:32,1
DA:34,1
LF:12
LH:11
BRDA:14,3,0,0
BRDA:14,3,1,6
BRF:2
BRH:1
end_of_record
TN:
SF:/Users/apple/ven-3.6/lib/python3.6/site-packages/superset/static/assets/javascripts/SqlLab/components/QueryTable.jsx
FN:27,onUserClicked
FN:28,onDbClicked
FN:33,QueryTable
FN:43,callback
FN:46,openQuery
FN:55,hideVisualizeModal
FN:58,showVisualizeModal
FN:61,restoreSql
FN:65,openQueryInNewTab
FN:68,openAsyncResults
FN:71,clearQueryResults
FN:74,removeQuery
FN:77,render
FN:78,(anonymous_34)
FN:148,(anonymous_35)
FNF:15
FNH:4
FNDA:0,onUserClicked
FNDA:0,onDbClicked
FNDA:1,QueryTable
FNDA:0,callback
FNDA:0,openQuery
FNDA:0,hideVisualizeModal
FNDA:0,showVisualizeModal
FNDA:0,restoreSql
FNDA:0,openQueryInNewTab
FNDA:0,openAsyncResults
FNDA:0,clearQueryResults
FNDA:0,removeQuery
FNDA:1,render
FNDA:2,(anonymous_34)
FNDA:2,(anonymous_35)
DA:1,1
DA:2,1
DA:4,1
DA:5,1
DA:6,1
DA:7,1
DA:8,1
DA:9,1
DA:10,1
DA:11,1
DA:12,1
DA:13,1
DA:14,1
DA:15,1
DA:17,1
DA:24,1
DA:27,1
DA:28,1
DA:32,1
DA:33,1
DA:34,1
DA:35,1
DA:36,1
DA:37,1
DA:43,1
DA:44,0
DA:46,1
DA:47,0
DA:53,0
DA:55,1
DA:56,0
DA:58,1
DA:59,0
DA:61,1
DA:62,0
DA:65,1
DA:66,0
DA:68,1
DA:69,0
DA:71,1
DA:72,0
DA:74,1
DA:75,0
DA:77,1
DA:78,1
DA:79,2
DA:80,2
DA:81,2
DA:83,2
DA:84,2
DA:91,2
DA:99,2
DA:107,2
DA:108,2
DA:118,2
DA:123,2
DA:124,1
DA:147,1
DA:148,2
DA:150,2
DA:158,2
DA:159,2
DA:161,0
DA:166,2
DA:172,2
DA:198,2
DA:201,1
DA:217,1
DA:218,1
DA:220,1
LF:70
LH:59
BRDA:34,16,0,1
BRDA:34,16,1,0
BRDA:80,17,0,2
BRDA:80,17,1,0
BRDA:123,18,0,1
BRDA:123,18,1,1
BRDA:147,19,0,0
BRDA:147,19,1,1
BRDA:147,20,0,1
BRDA:147,20,1,0
BRDA:147,20,2,0
BRDA:159,21,0,0
BRDA:159,21,1,2
BRF:13
BRH:7
end_of_record
TN:
SF:/Users/apple/ven-3.6/lib/python3.6/site-packages/superset/static/assets/javascripts/SqlLab/components/Link.jsx
FN:17,onClick
FN:25,render
FNF:2
FNH:1
FNDA:0,onClick
FNDA:17,render
DA:1,1
DA:2,1
DA:3,1
DA:5,1
DA:14,1
DA:17,1
DA:24,1
DA:25,1
DA:26,17
DA:31,17
DA:41,17
DA:43,17
DA:53,0
DA:56,1
DA:57,1
DA:59,1
LF:16
LH:15
BRDA:41,17,0,17
BRDA:41,17,1,0
BRF:2
BRH:1
end_of_record
TN:
[...]
BRDA:89,8,1,0
BRDA:91,9,0,0
BRDA:91,9,1,0
BRDA:102,10,0,0
BRDA:102,10,1,0
BRDA:109,11,0,0
BRDA:109,11,1,0
BRDA:109,12,0,0
BRDA:109,12,1,0
BRDA:127,13,0,0
BRDA:127,13,1,0
BRDA:129,14,0,0
BRDA:129,14,1,0
BRDA:149,15,0,0
BRDA:149,15,1,0
BRDA:155,16,0,0
BRDA:155,16,1,0
BRDA:158,17,0,0
BRDA:158,17,1,0
BRDA:159,18,0,0
BRDA:159,18,1,0
BRDA:166,19,0,0
BRDA:166,19,1,0
BRDA:188,20,0,0
BRDA:188,20,1,0
BRDA:205,21,0,0
BRDA:205,21,1,0
BRDA:237,22,0,0
BRDA:237,22,1,0
BRDA:237,23,0,0
BRDA:237,23,1,0
BRDA:237,24,0,0
BRDA:237,24,1,0
BRDA:237,25,0,0
BRDA:237,25,1,0
BRDA:240,26,0,0
BRDA:240,26,1,0
BRDA:240,27,0,0
BRDA:240,27,1,0
BRF:50
BRH:0
end_of_record
TN:
SF:/Users/apple/ven-3.6/lib/python3.6/site-packages/superset/static/assets/javascripts/syncBackend.js
FN:6,exportFile
FN:7,(anonymous_3)
FN:16,main
FNF:3
FNH:0
FNDA:0,exportFile
FNDA:0,(anonymous_3)
FNDA:0,main
DA:2,0
DA:3,0
DA:4,0
DA:6,0
DA:7,0
DA:8,0
DA:9,0
DA:11,0
DA:16,0
DA:17,0
DA:18,0
DA:19,0
DA:20,0
DA:22,0
DA:23,0
DA:25,0
LF:16
LH:0
BRDA:8,3,0,0
BRDA:8,3,1,0
BRDA:19,4,0,0
BRDA:19,4,1,0
BRF:4
BRH:0
end_of_record
TN:
SF:/Users/apple/ven-3.6/lib/python3.6/site-packages/superset/static/assets/javascripts/theme.js
FNF:0
FNH:0
DA:1,0
DA:2,0
DA:3,0
LF:3
LH:0
BRF:0
BRH:0
end_of_record
TN:
SF:/Users/apple/ven-3.6/lib/python3.6/site-packages/superset/static/assets/javascripts/welcome.js
FN:13,modelViewTable
FN:18,(anonymous_3)
FN:20,(anonymous_4)
FN:21,(anonymous_5)
FN:26,(anonymous_6)
FN:55,(anonymous_7)
FNF:6
FNH:0
FNDA:0,modelViewTable
FNDA:0,(anonymous_3)
FNDA:0,(anonymous_4)
FNDA:0,(anonymous_5)
FNDA:0,(anonymous_6)
FNDA:0,(anonymous_7)
DA:2,0
DA:3,0
DA:4,0
DA:6,0
DA:7,0
DA:9,0
DA:11,0
DA:13,0
DA:15,0
DA:16,0
DA:17,0
DA:18,0
DA:19,0
DA:20,0
DA:21,0
DA:22,0
DA:24,0
DA:26,0
DA:27,0
DA:29,0
DA:30,0
DA:31,0
DA:42,0
DA:43,0
DA:44,0
DA:45,0
DA:47,0
DA:48,0
DA:49,0
DA:50,0
DA:51,0
DA:52,0
DA:55,0
DA:56,0
LF:34
LH:0
BRF:0
BRH:0
end_of_record
TN:
SF:/Users/apple/ven-3.6/lib/python3.6/site-packages/superset/static/assets/javascripts/addSlice/index.jsx
FNF:0
FNH:0
DA:1,0
DA:2,0
DA:3,0
DA:4,0
DA:6,0
DA:8,0
DA:9,0
DA:11,0
LF:8
LH:0
BRF:0
BRH:0
end_of_record
TN:
SF:/Users/apple/ven-3.6/lib/python3.6/site-packages/superset/static/assets/javascripts/components/FaveStar.jsx
FN:14,componentDidMount
FN:18,onClick
FN:23,render
FNF:3
FNH:0
FNDA:0,componentDidMount
FNDA:0,onClick
FNDA:0,render
DA:1,0
DA:2,0
DA:3,0
DA:4,0
DA:5,0
DA:7,0
DA:13,0
DA:14,0
DA:15,0
DA:18,0
DA:19,0
DA:20,0
DA:23,0
DA:24,0
DA:30,0
DA:46,0
LF:16
LH:0
BRF:0
BRH:0
end_of_record
TN:
SF:/Users/apple/ven-3.6/lib/python3.6/site-packages/superset/static/assets/javascripts/dashboard/components/Controls.jsx
FN:20,Controls
FN:27,componentWillMount
FN:28,(anonymous_12)
FN:29,(anonymous_13)
FN:37,refresh
FN:41,changeCss
FN:45,render
FN:84,onClick
FN:90,onClick
FNF:9
FNH:0
FNDA:0,Controls
FNDA:0,componentWillMount
FNDA:0,(anonymous_12)
FNDA:0,(anonymous_13)
FNDA:0,refresh
FNDA:0,changeCss
FNDA:0,render
FNDA:0,onClick
FNDA:0,onClick
DA:1,0
DA:2,0
DA:3,0
DA:5,0
DA:6,0
DA:7,0
DA:8,0
DA:9,0
DA:10,0
DA:11,0
DA:13,0
DA:15,0
DA:19,0
DA:20,0
DA:21,0
DA:22,0
DA:27,0
DA:28,0
DA:29,0
DA:34,0
DA:37,0
DA:39,0
DA:41,0
DA:42,0
DA:43,0
DA:45,0
DA:46,0
DA:47,0
DA:48,0
DA:51,0
DA:65,0
DA:84,0
DA:90,0
DA:91,0
DA:110,0
DA:112,0
LF:36
LH:0
BRDA:21,16,0,0
BRDA:21,16,1,0
BRDA:23,17,0,0
BRDA:23,17,1,0
BRF:4
BRH:0
end_of_record
TN:
SF:/Users/apple/ven-3.6/lib/python3.6/site-packages/superset/static/assets/javascripts/dashboard/components/GridLayout.jsx
FN:1,_inherits
FN:20,componentWillMount
FN:23,(anonymous_12)
FN:51,onResizeStop
FN:54,(anonymous_15)
FN:59,onDragStop
FN:64,removeSlice
FN:67,(anonymous_20)
FN:70,(anonymous_21)
FN:77,updateSliceName
FN:78,(anonymous_24)
FN:101,success
FN:104,error
FN:113,serialize
FN:114,(anonymous_31)
FN:123,render
FN:137,(anonymous_34)
FNF:17
FNH:0
FNDA:0,_inherits
FNDA:0,componentWillMount
FNDA:0,(anonymous_12)
FNDA:0,onResizeStop
FNDA:0,(anonymous_15)
FNDA:0,onDragStop
FNDA:0,removeSlice
FNDA:0,(anonymous_20)
FNDA:0,(anonymous_21)
FNDA:0,updateSliceName
FNDA:0,(anonymous_24)
FNDA:0,success
FNDA:0,error
FNDA:0,serialize
FNDA:0,(anonymous_31)
FNDA:0,render
FNDA:0,(anonymous_34)
DA:1,0
DA:2,0
DA:3,0
DA:4,0
DA:5,0
DA:7,0
DA:8,0
DA:10,0
DA:11,0
DA:13,0
DA:15,0
DA:19,0
DA:20,0
DA:21,0
DA:23,0
DA:24,0
DA:25,0
DA:26,0
DA:27,0
DA:35,0
DA:45,0
DA:51,0
DA:52,0
DA:53,0
DA:54,0
DA:56,0
DA:59,0
DA:60,0
DA:61,0
DA:64,0
DA:65,0
DA:66,0
DA:68,0
DA:71,0
DA:74,0
DA:77,0
DA:78,0
DA:79,0
DA:84,0
DA:85,0
DA:86,0
DA:88,0
DA:89,0
DA:90,0
DA:92,0
DA:93,0
DA:94,0
DA:95,0
DA:96,0
DA:98,0
DA:101,0
DA:102,0
DA:104,0
DA:107,0
DA:108,0
DA:113,0
DA:114,0
DA:123,0
DA:125,0
DA:138,0
DA:158,0
DA:160,0
LF:62
LH:0
BRDA:1,11,0,0
BRDA:1,11,1,0
BRDA:1,12,0,0
BRDA:1,12,1,0
BRDA:1,13,0,0
BRDA:1,13,1,0
BRDA:1,14,0,0
BRDA:1,14,1,0
BRDA:1,15,0,0
BRDA:1,15,1,0
BRDA:26,17,0,0
BRDA:26,17,1,0
BRDA:53,18,0,0
BRDA:53,18,1,0
BRDA:53,19,0,0
BRDA:53,19,1,0
BRDA:79,20,0,0
BRDA:79,20,1,0
BRDA:149,21,0,0
BRDA:149,21,1,0
BRF:20
BRH:0
end_of_record
TN:
SF:/Users/apple/ven-3.6/lib/python3.6/site-packages/superset/static/assets/javascripts/dashboard/components/Header.jsx
FN:14,Header
FN:20,handleSaveTitle
FN:23,render
FNF:3
FNH:0
FNDA:0,Header
FNDA:0,handleSaveTitle
FNDA:0,render
DA:1,0
DA:2,0
DA:4,0
DA:5,0
DA:7,0
DA:10,0
DA:13,0
DA:14,0
DA:15,0
DA:16,0
DA:18,0
DA:20,0
DA:21,0
DA:23,0
DA:24,0
DA:26,0
DA:48,0
DA:49,0
DA:51,0
LF:19
LH:0
BRDA:15,16,0,0
BRDA:15,16,1,0
BRDA:39,17,0,0
BRDA:39,17,1,0
BRF:4
BRH:0
end_of_record
TN:
SF:/Users/apple/ven-3.6/lib/python3.6/site-packages/superset/static/assets/javascripts/dashboard/components/SaveModal.jsx
FN:1,_inherits
FN:19,SaveModal
FN:33,toggleDuplicateSlices
FN:36,handleSaveTypeChange
FN:41,handleNameChange
FN:47,saveDashboardRequest
FN:57,success
FN:66,error
FN:73,saveDashboard
FN:76,(anonymous_24)
FN:110,render
FN:113,ref
FN:153,onClick
FNF:13
FNH:0
FNDA:0,_inherits
FNDA:0,SaveModal
FNDA:0,toggleDuplicateSlices
FNDA:0,handleSaveTypeChange
FNDA:0,handleNameChange
FNDA:0,saveDashboardRequest
FNDA:0,success
FNDA:0,error
FNDA:0,saveDashboard
FNDA:0,(anonymous_24)
FNDA:0,render
FNDA:0,ref
FNDA:0,onClick
DA:1,0
DA:2,0
DA:3,0
DA:4,0
DA:5,0
DA:6,0
DA:7,0
DA:8,0
DA:10,0
DA:12,0
DA:18,0
DA:19,0
DA:20,0
DA:21,0
DA:28,0
DA:29,0
DA:30,0
DA:31,0
DA:33,0
DA:34,0
DA:36,0
DA:37,0
DA:41,0
DA:42,0
DA:47,0
DA:48,0
DA:49,0
DA:50,0
DA:51,0
DA:57,0
DA:58,0
DA:59,0
DA:60,0
DA:61,0
DA:63,0
DA:66,0
DA:67,0
DA:68,0
DA:69,0
DA:73,0
DA:74,0
DA:75,0
DA:76,0
DA:77,0
DA:78,0
DA:79,0
DA:80,0
DA:83,0
DA:84,0
DA:92,0
DA:93,0
DA:94,0
DA:95,0
DA:96,0
DA:97,0
DA:98,0
DA:99,0
DA:104,0
DA:105,0
DA:106,0
DA:110,0
DA:112,0
DA:113,0
DA:153,0
DA:163,0
DA:165,0
LF:66
LH:0
BRDA:1,11,0,0
BRDA:1,11,1,0
BRDA:1,12,0,0
BRDA:1,12,1,0
BRDA:1,13,0,0
BRDA:1,13,1,0
BRDA:1,14,0,0
BRDA:1,14,1,0
BRDA:1,15,0,0
BRDA:1,15,1,0
BRDA:20,16,0,0
BRDA:20,16,1,0
BRDA:60,17,0,0
BRDA:60,17,1,0
BRDA:79,18,0,0
BRDA:79,18,1,0
BRDA:93,19,0,0
BRDA:93,19,1,0
BRDA:96,20,0,0
BRDA:96,20,1,0
BRDA:97,21,0,0
BRDA:97,21,1,0
BRF:22
BRH:0
end_of_record
TN:
SF:/Users/apple/ven-3.6/lib/python3.6/site-packages/superset/static/assets/javascripts/dashboard/components/SliceAdder.jsx
FN:17,SliceAdder
FN:41,componentWillUnmount
FN:45,onEnterModal
FN:50,success
FN:52,(anonymous_16)
FN:65,error
FN:74,addSlices
FN:78,toggleSlice
FN:84,modifiedDateComparator
FN:102,render
FN:106,(anonymous_27)
FNF:11
FNH:0
FNDA:0,SliceAdder
FNDA:0,componentWillUnmount
FNDA:0,onEnterModal
FNDA:0,success
FNDA:0,(anonymous_16)
FNDA:0,error
FNDA:0,addSlices
FNDA:0,toggleSlice
FNDA:0,modifiedDateComparator
FNDA:0,render
FNDA:0,(anonymous_27)
DA:1,0
DA:2,0
DA:3,0
DA:4,0
DA:6,0
DA:7,0
DA:9,0
DA:11,0
DA:16,0
DA:17,0
DA:18,0
DA:19,0
DA:25,0
DA:31,0
DA:32,0
DA:34,0
DA:41,0
DA:42,0
DA:45,0
DA:46,0
DA:47,0
DA:50,0
DA:52,0
DA:59,0
DA:65,0
DA:66,0
DA:67,0
DA:74,0
DA:75,0
DA:78,0
DA:79,0
DA:80,0
DA:81,0
DA:84,0
DA:85,0
DA:86,0
DA:87,0
DA:88,0
DA:89,0
DA:91,0
DA:94,0
DA:95,0
DA:96,0
DA:97,0
DA:99,0
DA:102,0
DA:103,0
DA:104,0
DA:105,0
DA:106,0
DA:107,0
DA:110,0
DA:155,0
DA:174,0
DA:187,0
DA:189,0
LF:56
LH:0
BRDA:18,16,0,0
BRDA:18,16,1,0
BRDA:85,17,0,0
BRDA:85,17,1,0
BRDA:86,18,0,0
BRDA:86,18,1,0
BRDA:88,19,0,0
BRDA:88,19,1,0
BRDA:94,20,0,0
BRDA:94,20,1,0
BRDA:96,21,0,0
BRDA:96,21,1,0
BRDA:103,22,0,0
BRDA:103,22,1,0
BRDA:104,23,0,0
BRDA:104,23,1,0
BRDA:105,24,0,0
BRDA:105,24,1,0
BRDA:114,25,0,0
BRDA:114,25,1,0
BRDA:115,26,0,0
BRDA:115,26,1,0
BRDA:117,27,0,0
BRDA:117,27,1,0
BRDA:120,28,0,0
BRDA:120,28,1,0
BRF:26
BRH:0
end_of_record
TN:
SF:/Users/apple/ven-3.6/lib/python3.6/site-packages/superset/static/assets/javascripts/dashboard/Dashboard.jsx
FN:22,getInitialState
FN:32,(anonymous_3)
FN:41,unload
FN:47,onBeforeUnload
FN:55,renderAlert
FN:68,initDashboardView
FN:84,(anonymous_8)
FN:87,(anonymous_9)
FN:93,(anonymous_10)
FN:98,(anonymous_11)
FN:109,dashboardContainer
FN:114,init
FN:116,(anonymous_15)
FN:122,(anonymous_16)
FN:133,onChange
FN:137,onSave
FN:141,loadPreSelectFilters
FN:153,setFilter
FN:156,done
FN:174,effectiveExtraFilters
FN:207,addFilter
FN:234,readFilters
FN:238,updateFilterParamsInUrl
FN:245,bindResizeToWindowResize
FN:248,(anonymous_37)
FN:250,(anonymous_38)
FN:251,(anonymous_39)
FN:257,stopPeriodicRender
FN:263,renderSlices
FN:265,(anonymous_44)
FN:275,(anonymous_45)
FN:276,(anonymous_46)
FN:279,startPeriodicRender
FN:283,refreshAll
FN:285,(anonymous_51)
FN:288,fetchAndRender
FN:291,(anonymous_54)
FN:298,refreshExcept
FN:300,(anonymous_57)
FN:304,clearFilters
FN:309,removeFilter
FN:313,(anonymous_62)
FN:324,getSlice
FN:338,getAjaxErrorMsg
FN:343,addSlicesToDashboard
FN:351,success
FN:355,error
FN:364,updateDashboardTitle
FN:371,(anonymous_75)
FNF:49
FNH:0
FNDA:0,getInitialState
FNDA:0,(anonymous_3)
FNDA:0,unload
FNDA:0,onBeforeUnload
FNDA:0,renderAlert
FNDA:0,initDashboardView
FNDA:0,(anonymous_8)
FNDA:0,(anonymous_9)
FNDA:0,(anonymous_10)
FNDA:0,(anonymous_11)
FNDA:0,dashboardContainer
FNDA:0,init
FNDA:0,(anonymous_15)
FNDA:0,(anonymous_16)
FNDA:0,onChange
FNDA:0,onSave
FNDA:0,loadPreSelectFilters
FNDA:0,setFilter
FNDA:0,done
FNDA:0,effectiveExtraFilters
FNDA:0,addFilter
FNDA:0,readFilters
FNDA:0,updateFilterParamsInUrl
FNDA:0,bindResizeToWindowResize
FNDA:0,(anonymous_37)
FNDA:0,(anonymous_38)
FNDA:0,(anonymous_39)
FNDA:0,stopPeriodicRender
FNDA:0,renderSlices
FNDA:0,(anonymous_44)
FNDA:0,(anonymous_45)
FNDA:0,(anonymous_46)
FNDA:0,startPeriodicRender
FNDA:0,refreshAll
FNDA:0,(anonymous_51)
FNDA:0,fetchAndRender
FNDA:0,(anonymous_54)
FNDA:0,refreshExcept
FNDA:0,(anonymous_57)
FNDA:0,clearFilters
FNDA:0,removeFilter
FNDA:0,(anonymous_62)
FNDA:0,getSlice
FNDA:0,getAjaxErrorMsg
FNDA:0,addSlicesToDashboard
FNDA:0,success
FNDA:0,error
FNDA:0,updateDashboardTitle
FNDA:0,(anonymous_75)
DA:1,0
DA:2,0
DA:3,0
DA:4,0
DA:5,0
DA:7,0
DA:8,0
DA:9,0
DA:10,0
DA:11,0
DA:12,0
DA:14,0
DA:15,0
DA:16,0
DA:18,0
DA:20,0
DA:22,0
DA:23,0
DA:28,0
DA:30,0
DA:31,0
DA:32,0
DA:33,0
DA:36,0
DA:37,0
DA:38,0
DA:41,0
DA:42,0
DA:43,0
DA:44,0
DA:47,0
DA:48,0
DA:49,0
DA:51,0
DA:55,0
DA:57,0
DA:68,0
DA:70,0
DA:77,0
DA:83,0
DA:85,0
DA:88,0
DA:91,0
DA:93,0
DA:94,0
DA:95,0
DA:97,0
DA:98,0
DA:99,0
DA:101,0
DA:102,0
DA:105,0
DA:106,0
DA:109,0
DA:110,0
DA:114,0
DA:115,0
DA:116,0
DA:117,0
DA:118,0
DA:119,0
DA:121,0
DA:122,0
DA:123,0
DA:125,0
DA:128,0
DA:129,0
DA:130,0
DA:131,0
DA:133,0
DA:134,0
DA:137,0
DA:138,0
DA:139,0
DA:141,0
DA:142,0
DA:143,0
DA:144,0
DA:145,0
DA:146,0
DA:153,0
DA:154,0
DA:156,0
DA:157,0
DA:158,0
DA:159,0
DA:160,0
DA:162,0
DA:169,0
DA:174,0
DA:175,0
DA:176,0
DA:177,0
DA:179,0
DA:183,0
DA:185,0
DA:188,0
DA:190,0
DA:191,0
DA:195,0
DA:196,0
DA:197,0
DA:205,0
DA:207,0
DA:209,0
DA:215,0
DA:216,0
DA:218,0
DA:219,0
DA:223,0
DA:224,0
DA:226,0
DA:228,0
DA:229,0
DA:232,0
DA:234,0
DA:236,0
DA:238,0
DA:239,0
DA:240,0
DA:241,0
DA:242,0
DA:243,0
DA:245,0
DA:246,0
DA:247,0
DA:248,0
DA:249,0
DA:250,0
DA:251,0
DA:252,0
DA:257,0
DA:258,0
DA:259,0
DA:260,0
DA:263,0
DA:264,0
DA:265,0
DA:268,0
DA:269,0
DA:270,0
DA:271,0
DA:274,0
DA:275,0
DA:276,0
DA:279,0
DA:280,0
DA:281,0
DA:282,0
DA:283,0
DA:284,0
DA:285,0
DA:286,0
DA:288,0
DA:290,0
DA:291,0
DA:298,0
DA:299,0
DA:300,0
DA:301,0
DA:302,0
DA:304,0
DA:305,0
DA:306,0
DA:307,0
DA:309,0
DA:310,0
DA:311,0
DA:312,0
DA:313,0
DA:314,0
DA:315,0
DA:318,0
DA:321,0
DA:322,0
DA:324,0
DA:325,0
DA:326,0
DA:327,0
DA:328,0
DA:330,0
DA:331,0
DA:336,0
DA:338,0
DA:339,0
DA:340,0
DA:343,0
DA:344,0
DA:345,0
DA:351,0
DA:353,0
DA:355,0
DA:356,0
DA:357,0
DA:364,0
DA:365,0
DA:366,0
DA:371,0
DA:373,0
DA:374,0
DA:376,0
DA:377,0
DA:378,0
DA:379,0
DA:380,0
LF:205
LH:0
BRDA:31,3,0,0
BRDA:31,3,1,0
BRDA:48,4,0,0
BRDA:48,4,1,0
BRDA:97,5,0,0
BRDA:97,5,1,0
BRDA:101,6,0,0
BRDA:101,6,1,0
BRDA:117,7,0,0
BRDA:117,7,1,0
BRDA:143,8,0,0
BRDA:143,8,1,0
BRDA:160,9,0,0
BRDA:160,9,1,0
BRDA:160,10,0,0
BRDA:160,10,1,0
BRDA:176,11,0,0
BRDA:176,11,1,0
BRDA:177,12,0,0
BRDA:177,12,1,0
BRDA:177,13,0,0
BRDA:177,13,1,0
BRDA:185,14,0,0
BRDA:185,14,1,0
BRDA:185,15,0,0
BRDA:185,15,1,0
BRDA:185,15,2,0
BRDA:191,16,0,0
BRDA:191,16,1,0
BRDA:196,17,0,0
BRDA:196,17,1,0
BRDA:207,18,0,0
BRDA:207,18,1,0
BRDA:207,19,0,0
BRDA:207,19,1,0
BRDA:207,20,0,0
BRDA:207,20,1,0
BRDA:207,21,0,0
BRDA:207,21,1,0
BRDA:209,22,0,0
BRDA:209,22,1,0
BRDA:209,23,0,0
BRDA:209,23,1,0
BRDA:209,23,2,0
BRDA:215,24,0,0
BRDA:215,24,1,0
BRDA:218,25,0,0
BRDA:218,25,1,0
BRDA:218,26,0,0
BRDA:218,26,1,0
BRDA:223,27,0,0
BRDA:223,27,1,0
BRDA:226,28,0,0
BRDA:226,28,1,0
BRDA:228,29,0,0
BRDA:228,29,1,0
BRDA:240,30,0,0
BRDA:240,30,1,0
BRDA:258,31,0,0
BRDA:258,31,1,0
BRDA:263,32,0,0
BRDA:263,32,1,0
BRDA:263,33,0,0
BRDA:263,33,1,0
BRDA:263,34,0,0
BRDA:263,34,1,0
BRDA:263,35,0,0
BRDA:263,35,1,0
BRDA:264,36,0,0
BRDA:264,36,1,0
BRDA:269,37,0,0
BRDA:269,37,1,0
BRDA:270,38,0,0
BRDA:270,38,1,0
BRDA:272,39,0,0
BRDA:272,39,1,0
BRDA:274,40,0,0
BRDA:274,40,1,0
BRDA:282,41,0,0
BRDA:282,41,1,0
BRDA:290,42,0,0
BRDA:290,42,1,0
BRDA:299,43,0,0
BRDA:299,43,1,0
BRDA:301,44,0,0
BRDA:301,44,1,0
BRDA:310,45,0,0
BRDA:310,45,1,0
BRDA:311,46,0,0
BRDA:311,46,1,0
BRDA:314,47,0,0
BRDA:314,47,1,0
BRDA:330,48,0,0
BRDA:330,48,1,0
BRDA:340,49,0,0
BRDA:340,49,1,0
BRDA:340,50,0,0
BRDA:340,50,1,0
BRF:98
BRH:0
end_of_record
TN:
SF:/Users/apple/ven-3.6/lib/python3.6/site-packages/superset/static/assets/javascripts/explore/components/ChartContainer.jsx
FN:52,ChartContainer
FN:60,componentDidUpdate
FN:77,getMockedSliceObject
FN:79,getHeight
FN:90,html
FN:94,css
FN:98,show
FN:107,render_template
FN:115,setFilter
FN:122,addFilter
FN:124,removeFilter
FN:126,done
FN:127,clearError
FN:131,error
FN:133,d3format
FN:148,removeAlert
FN:152,runQuery
FN:156,updateChartTitleOrSaveSlice
FN:164,(anonymous_52)
FN:175,renderChartTitle
FN:185,renderViz
FN:197,renderAlert
FN:228,renderChart
FN:245,ref
FN:255,render
FN:335,mapStateToProps
FN:362,(anonymous_68)
FNF:27
FNH:0
FNDA:0,ChartContainer
FNDA:0,componentDidUpdate
FNDA:0,getMockedSliceObject
FNDA:0,getHeight
FNDA:0,html
FNDA:0,css
FNDA:0,show
FNDA:0,render_template
FNDA:0,setFilter
FNDA:0,addFilter
FNDA:0,removeFilter
FNDA:0,done
FNDA:0,clearError
FNDA:0,error
FNDA:0,d3format
FNDA:0,removeAlert
FNDA:0,runQuery
FNDA:0,updateChartTitleOrSaveSlice
FNDA:0,(anonymous_52)
FNDA:0,renderChartTitle
FNDA:0,renderViz
FNDA:0,renderAlert
FNDA:0,renderChart
FNDA:0,ref
FNDA:0,render
FNDA:0,mapStateToProps
FNDA:0,(anonymous_68)
DA:1,0
DA:2,0
DA:3,0
DA:4,0
DA:5,0
DA:6,0
DA:7,0
DA:8,0
DA:9,0
DA:10,0
DA:11,0
DA:12,0
DA:13,0
DA:14,0
DA:15,0
DA:16,0
DA:17,0
DA:19,0
DA:25,0
DA:51,0
DA:52,0
DA:53,0
DA:54,0
DA:60,0
DA:62,0
DA:73,0
DA:77,0
DA:78,0
DA:79,0
DA:80,0
DA:81,0
DA:83,0
DA:90,0
DA:92,0
DA:94,0
DA:95,0
DA:98,0
DA:99,0
DA:100,0
DA:103,0
DA:107,0
DA:108,0
DA:112,0
DA:115,0
DA:122,0
DA:124,0
DA:126,0
DA:127,0
DA:131,0
DA:133,0
DA:135,0
DA:136,0
DA:148,0
DA:149,0
DA:152,0
DA:153,0
DA:156,0
DA:157,0
DA:158,0
DA:162,0
DA:163,0
DA:165,0
DA:166,0
DA:170,0
DA:175,0
DA:176,0
DA:177,0
DA:178,0
DA:180,0
DA:182,0
DA:185,0
DA:186,0
DA:187,0
DA:188,0
DA:189,0
DA:190,0
DA:191,0
DA:193,0
DA:197,0
DA:199,0
DA:211,0
DA:214,0
DA:228,0
DA:229,0
DA:230,0
DA:232,0
DA:234,0
DA:245,0
DA:255,0
DA:256,0
DA:258,0
DA:259,0
DA:261,0
DA:263,0
DA:333,0
DA:335,0
DA:336,0
DA:337,0
DA:362,0
LF:99
LH:0
BRDA:53,16,0,0
BRDA:53,16,1,0
BRDA:62,17,0,0
BRDA:62,17,1,0
BRDA:62,18,0,0
BRDA:62,18,1,0
BRDA:62,18,2,0
BRDA:62,18,3,0
BRDA:62,18,4,0
BRDA:62,18,5,0
BRDA:62,18,6,0
BRDA:62,18,7,0
BRDA:62,18,8,0
BRDA:80,19,0,0
BRDA:80,19,1,0
BRDA:160,20,0,0
BRDA:160,20,1,0
BRDA:165,21,0,0
BRDA:165,21,1,0
BRDA:177,22,0,0
BRDA:177,22,1,0
BRDA:218,23,0,0
BRDA:218,23,1,0
BRDA:218,23,2,0
BRDA:229,24,0,0
BRDA:229,24,1,0
BRDA:236,25,0,0
BRDA:236,25,1,0
BRDA:248,26,0,0
BRDA:248,26,1,0
BRDA:256,27,0,0
BRDA:256,27,1,0
BRDA:273,28,0,0
BRDA:273,28,1,0
BRDA:277,29,0,0
BRDA:277,29,1,0
BRDA:300,30,0,0
BRDA:300,30,1,0
BRDA:300,30,2,0
BRDA:300,30,3,0
BRDA:342,31,0,0
BRDA:342,31,1,0
BRDA:343,32,0,0
BRDA:343,32,1,0
BRF:44
BRH:0
end_of_record
TN:
SF:/Users/apple/ven-3.6/lib/python3.6/site-packages/superset/static/assets/javascripts/explore/components/ExploreViewContainer.jsx
FN:1,_inherits
FN:31,ExploreViewContainer
FN:40,componentDidMount
FN:45,componentWillReceiveProps
FN:55,componentDidUpdate
FN:59,componentWillUnmount
FN:63,onQuery
FN:76,onStop
FN:80,getWidth
FN:84,getHeight
FN:92,triggerQueryIfNeeded
FN:98,handleResize
FN:100,(anonymous_31)
FN:105,toggleModal
FN:108,hasErrors
FN:111,(anonymous_36)
FN:113,renderErrorMessage
FN:135,renderChartContainer
FN:144,render
FN:194,mapStateToProps
FN:210,mapDispatchToProps
FNF:21
FNH:0
FNDA:0,_inherits
FNDA:0,ExploreViewContainer
FNDA:0,componentDidMount
FNDA:0,componentWillReceiveProps
FNDA:0,componentDidUpdate
FNDA:0,componentWillUnmount
FNDA:0,onQuery
FNDA:0,onStop
FNDA:0,getWidth
FNDA:0,getHeight
FNDA:0,triggerQueryIfNeeded
FNDA:0,handleResize
FNDA:0,(anonymous_31)
FNDA:0,toggleModal
FNDA:0,hasErrors
FNDA:0,(anonymous_36)
FNDA:0,renderErrorMessage
FNDA:0,renderChartContainer
FNDA:0,render
FNDA:0,mapStateToProps
FNDA:0,mapDispatchToProps
DA:1,0
DA:2,0
DA:3,0
DA:4,0
DA:5,0
DA:6,0
DA:7,0
DA:8,0
DA:9,0
DA:10,0
DA:11,0
DA:12,0
DA:13,0
DA:14,0
DA:16,0
DA:30,0
DA:31,0
DA:32,0
DA:33,0
DA:40,0
DA:41,0
DA:42,0
DA:45,0
DA:46,0
DA:47,0
DA:48,0
DA:50,0
DA:51,0
DA:55,0
DA:56,0
DA:59,0
DA:60,0
DA:63,0
DA:65,0
DA:66,0
DA:68,0
DA:70,0
DA:76,0
DA:77,0
DA:80,0
DA:81,0
DA:84,0
DA:85,0
DA:86,0
DA:88,0
DA:89,0
DA:92,0
DA:93,0
DA:94,0
DA:98,0
DA:99,0
DA:100,0
DA:101,0
DA:105,0
DA:106,0
DA:108,0
DA:109,0
DA:110,0
DA:111,0
DA:113,0
DA:115,0
DA:116,0
DA:117,0
DA:118,0
DA:119,0
DA:127,0
DA:128,0
DA:130,0
DA:133,0
DA:135,0
DA:137,0
DA:144,0
DA:145,0
DA:146,0
DA:149,0
DA:192,0
DA:194,0
DA:195,0
DA:196,0
DA:210,0
DA:211,0
DA:212,0
DA:217,0
DA:218,0
LF:84
LH:0
BRDA:1,15,0,0
BRDA:1,15,1,0
BRDA:1,16,0,0
BRDA:1,16,1,0
BRDA:1,17,0,0
BRDA:1,17,1,0
BRDA:1,18,0,0
BRDA:1,18,1,0
BRDA:1,19,0,0
BRDA:1,19,1,0
BRDA:32,20,0,0
BRDA:32,20,1,0
BRDA:46,21,0,0
BRDA:46,21,1,0
BRDA:50,22,0,0
BRDA:50,22,1,0
BRDA:85,23,0,0
BRDA:85,23,1,0
BRDA:88,24,0,0
BRDA:88,24,1,0
BRDA:93,25,0,0
BRDA:93,25,1,0
BRDA:93,26,0,0
BRDA:93,26,1,0
BRDA:111,27,0,0
BRDA:111,27,1,0
BRDA:118,28,0,0
BRDA:118,28,1,0
BRDA:118,29,0,0
BRDA:118,29,1,0
BRDA:128,30,0,0
BRDA:128,30,1,0
BRDA:145,31,0,0
BRDA:145,31,1,0
BRDA:157,32,0,0
BRDA:157,32,1,0
BRF:36
BRH:0
end_of_record
TN:
SF:/Users/apple/ven-3.6/lib/python3.6/site-packages/superset/static/assets/javascripts/explore/index.jsx
FNF:0
FNH:0
DA:2,0
DA:3,0
DA:4,0
DA:5,0
DA:6,0
DA:8,0
DA:9,0
DA:10,0
DA:11,0
DA:12,0
DA:13,0
DA:14,0
DA:16,0
DA:17,0
DA:18,0
DA:20,0
DA:21,0
DA:23,0
DA:24,0
DA:25,0
DA:26,0
DA:27,0
DA:28,0
DA:31,0
DA:42,0
DA:57,0
DA:61,0
LF:27
LH:0
BRF:0
BRH:0
end_of_record
TN:
SF:/Users/apple/ven-3.6/lib/python3.6/site-packages/superset/static/assets/javascripts/profile/index.jsx
FNF:0
FNH:0
DA:2,0
DA:3,0
DA:5,0
DA:6,0
DA:8,0
DA:10,0
DA:12,0
DA:13,0
DA:15,0
DA:16,0
LF:10
LH:0
BRF:0
BRH:0
end_of_record
TN:
SF:/Users/apple/ven-3.6/lib/python3.6/site-packages/superset/static/assets/javascripts/SqlLab/index.jsx
FNF:0
FNH:0
DA:1,0
DA:2,0
DA:3,0
DA:4,0
DA:5,0
DA:7,0
DA:8,0
DA:9,0
DA:10,0
DA:11,0
DA:13,0
DA:14,0
DA:15,0
DA:17,0
DA:18,0
DA:20,0
DA:21,0
DA:22,0
DA:24,0
DA:28,0
DA:30,0
LF:21
LH:0
BRF:0
BRH:0
end_of_record
